#
# There is insufficient memory for the Java Runtime Environment to continue.
# Native memory allocation (mmap) failed to map 595591168 bytes for G1 virtual space
# Possible reasons:
#   The system is out of physical RAM or swap space
#   The process is running with CompressedOops enabled, and the Java Heap may be blocking the growth of the native heap
# Possible solutions:
#   Reduce memory load on the system
#   Increase physical memory or swap space
#   Check if swap backing store is full
#   Decrease Java heap size (-Xmx/-Xms)
#   Decrease number of Java threads
#   Decrease Java thread stack sizes (-Xss)
#   Set larger code cache with -XX:ReservedCodeCacheSize=
#   JVM is running with Zero Based Compressed Oops mode in which the Java heap is
#     placed in the first 32GB address space. The Java Heap base address is the
#     maximum limit for the native heap growth. Please use -XX:HeapBaseMinAddress
#     to set the Java Heap base and to place the Java Heap above 32GB virtual address.
# This output file may be truncated or incomplete.
#
#  Out of Memory Error (os_windows.cpp:3557), pid=11316, tid=21540
#
# JRE version: OpenJDK Runtime Environment Temurin-17.0.6+10 (17.0.6+10) (build 17.0.6+10)
# Java VM: OpenJDK 64-Bit Server VM Temurin-17.0.6+10 (17.0.6+10, mixed mode, emulated-client, tiered, compressed oops, compressed class ptrs, g1 gc, windows-amd64)
# No core dump will be written. Minidumps are not enabled by default on client versions of Windows
#

---------------  S U M M A R Y ------------

Command Line: -Dcom.sun.management.jmxremote -Dcom.sun.management.jmxremote.port=62300 -Dcom.sun.management.jmxremote.authenticate=false -Dcom.sun.management.jmxremote.ssl=false -Djava.rmi.server.hostname=localhost -Dspring.jmx.enabled=true -Dmanagement.endpoints.jmx.exposure.include=* -Dspring.application.admin.enabled=true -XX:TieredStopAtLevel=1 -Dspring.boot.project.name=Redis_cache-redis_cache -Dfile.encoding=UTF-8 -XX:+ShowCodeDetailsInExceptionMessages com.cropdata.SpringBootSampleProjectSetupApplication --spring.output.ansi.enabled=always

Host: Intel(R) Core(TM) i5-8500 CPU @ 3.00GHz, 6 cores, 15G,  Windows 10 , 64 bit Build 19041 (10.0.19041.3155)
Time: Thu Aug 17 15:11:59 2023 India Standard Time elapsed time: 8.745398 seconds (0d 0h 0m 8s)

---------------  T H R E A D  ---------------

Current thread (0x00000206c4058fe0):  VMThread "VM Thread" [stack: 0x0000006e67600000,0x0000006e67700000] [id=21540]

Stack: [0x0000006e67600000,0x0000006e67700000]
Native frames: (J=compiled Java code, j=interpreted, Vv=VM code, C=native code)
V  [jvm.dll+0x67741a]
V  [jvm.dll+0x834434]
V  [jvm.dll+0x835bde]
V  [jvm.dll+0x836243]
V  [jvm.dll+0x2457b5]
V  [jvm.dll+0x674329]
V  [jvm.dll+0x6689da]
V  [jvm.dll+0x30489b]
V  [jvm.dll+0x30bd96]
V  [jvm.dll+0x35b57e]
V  [jvm.dll+0x35b7af]
V  [jvm.dll+0x2db778]
V  [jvm.dll+0x2d9a2c]
V  [jvm.dll+0x2d8ffc]
V  [jvm.dll+0x31cdcb]
V  [jvm.dll+0x83a6eb]
V  [jvm.dll+0x83b424]
V  [jvm.dll+0x83b93c]
V  [jvm.dll+0x83bd14]
V  [jvm.dll+0x83bde0]
V  [jvm.dll+0x7e483a]
V  [jvm.dll+0x6762c5]
C  [ucrtbase.dll+0x21bb2]
C  [KERNEL32.DLL+0x17614]
C  [ntdll.dll+0x526b1]

VM_Operation (0x0000006e6a4fe370): G1CollectForAllocation, mode: safepoint, requested by thread 0x00000206ca07a8a0


---------------  P R O C E S S  ---------------

Threads class SMR info:
_java_thread_list=0x00000206cb8d69a0, length=41, elements={
0x00000206b1280a60, 0x00000206c405baa0, 0x00000206c405c560, 0x00000206c409b4c0,
0x00000206c409de90, 0x00000206c409e750, 0x00000206c40a7020, 0x00000206c40a89a0,
0x00000206c40ac7a0, 0x00000206c4117ae0, 0x00000206c427c1f0, 0x00000206c1120c80,
0x00000206c4371010, 0x00000206c55d8a00, 0x00000206c5659020, 0x00000206c56272b0,
0x00000206c59bdce0, 0x00000206c59cef30, 0x00000206c59cd920, 0x00000206c5a057f0,
0x00000206c5a0b990, 0x00000206c59ed500, 0x00000206c59ed030, 0x00000206c59edea0,
0x00000206c59ee370, 0x00000206c59ee840, 0x00000206ca079a30, 0x00000206ca076a10,
0x00000206ca077d50, 0x00000206ca07ca50, 0x00000206ca0786f0, 0x00000206ca078220,
0x00000206ca076070, 0x00000206ca076540, 0x00000206ca079560, 0x00000206ca076ee0,
0x00000206ca07a3d0, 0x00000206ca07b240, 0x00000206ca07a8a0, 0x00000206ca07ad70,
0x00000206ca0773b0
}

Java Threads: ( => current thread )
  0x00000206b1280a60 JavaThread "main" [_thread_blocked, id=22772, stack(0x0000006e67000000,0x0000006e67100000)]
  0x00000206c405baa0 JavaThread "Reference Handler" daemon [_thread_blocked, id=7548, stack(0x0000006e67700000,0x0000006e67800000)]
  0x00000206c405c560 JavaThread "Finalizer" daemon [_thread_blocked, id=5940, stack(0x0000006e67800000,0x0000006e67900000)]
  0x00000206c409b4c0 JavaThread "Signal Dispatcher" daemon [_thread_blocked, id=5744, stack(0x0000006e67900000,0x0000006e67a00000)]
  0x00000206c409de90 JavaThread "Attach Listener" daemon [_thread_blocked, id=9040, stack(0x0000006e67a00000,0x0000006e67b00000)]
  0x00000206c409e750 JavaThread "Service Thread" daemon [_thread_blocked, id=11932, stack(0x0000006e67b00000,0x0000006e67c00000)]
  0x00000206c40a7020 JavaThread "Monitor Deflation Thread" daemon [_thread_blocked, id=2600, stack(0x0000006e67c00000,0x0000006e67d00000)]
  0x00000206c40a89a0 JavaThread "C1 CompilerThread0" daemon [_thread_blocked, id=19624, stack(0x0000006e67d00000,0x0000006e67e00000)]
  0x00000206c40ac7a0 JavaThread "Sweeper thread" daemon [_thread_blocked, id=18068, stack(0x0000006e67e00000,0x0000006e67f00000)]
  0x00000206c4117ae0 JavaThread "C1 CompilerThread1" daemon [_thread_blocked, id=16444, stack(0x0000006e67f00000,0x0000006e68000000)]
  0x00000206c427c1f0 JavaThread "C1 CompilerThread2" daemon [_thread_blocked, id=5932, stack(0x0000006e68000000,0x0000006e68100000)]
  0x00000206c1120c80 JavaThread "Common-Cleaner" daemon [_thread_blocked, id=5592, stack(0x0000006e68100000,0x0000006e68200000)]
  0x00000206c4371010 JavaThread "Notification Thread" daemon [_thread_blocked, id=12664, stack(0x0000006e68200000,0x0000006e68300000)]
  0x00000206c55d8a00 JavaThread "RMI TCP Accept-0" daemon [_thread_in_native, id=8136, stack(0x0000006e68800000,0x0000006e68900000)]
  0x00000206c5659020 JavaThread "RMI TCP Accept-62300" daemon [_thread_in_native, id=20248, stack(0x0000006e68900000,0x0000006e68a00000)]
  0x00000206c56272b0 JavaThread "RMI TCP Accept-0" daemon [_thread_in_native, id=21112, stack(0x0000006e68a00000,0x0000006e68b00000)]
  0x00000206c59bdce0 JavaThread "Thread-0" [_thread_blocked, id=2068, stack(0x0000006e68c00000,0x0000006e68d00000)]
  0x00000206c59cef30 JavaThread "restartedMain" [_thread_blocked, id=21616, stack(0x0000006e68d00000,0x0000006e68e00000)]
  0x00000206c59cd920 JavaThread "RMI TCP Connection(1)-127.0.0.1" daemon [_thread_in_native, id=18740, stack(0x0000006e68e00000,0x0000006e68f00000)]
  0x00000206c5a057f0 JavaThread "RMI Scheduler(0)" daemon [_thread_blocked, id=6684, stack(0x0000006e68f00000,0x0000006e69000000)]
  0x00000206c5a0b990 JavaThread "RMI TCP Connection(2)-127.0.0.1" daemon [_thread_blocked, id=20996, stack(0x0000006e69000000,0x0000006e69100000)]
  0x00000206c59ed500 JavaThread "JMX server connection timeout 24" daemon [_thread_blocked, id=2088, stack(0x0000006e69100000,0x0000006e69200000)]
  0x00000206c59ed030 JavaThread "Catalina-utility-1" [_thread_blocked, id=10624, stack(0x0000006e69200000,0x0000006e69300000)]
  0x00000206c59edea0 JavaThread "Catalina-utility-2" [_thread_blocked, id=1284, stack(0x0000006e69400000,0x0000006e69500000)]
  0x00000206c59ee370 JavaThread "container-0" [_thread_blocked, id=13348, stack(0x0000006e69500000,0x0000006e69600000)]
  0x00000206c59ee840 JavaThread "mysql-cj-abandoned-connection-cleanup" daemon [_thread_blocked, id=15252, stack(0x0000006e69600000,0x0000006e69700000)]
  0x00000206ca079a30 JavaThread "HikariPool-1 housekeeper" daemon [_thread_blocked, id=5324, stack(0x0000006e69800000,0x0000006e69900000)]
  0x00000206ca076a10 JavaThread "HikariPool-1 connection adder" daemon [_thread_blocked, id=9056, stack(0x0000006e69900000,0x0000006e69a00000)]
  0x00000206ca077d50 JavaThread "java-sdk-http-connection-reaper" daemon [_thread_blocked, id=18768, stack(0x0000006e69a00000,0x0000006e69b00000)]
  0x00000206ca07ca50 JavaThread "ClassGraph-worker-72" daemon [_thread_blocked, id=8852, stack(0x0000006e69b00000,0x0000006e69c00000)]
  0x00000206ca0786f0 JavaThread "ClassGraph-worker-73" daemon [_thread_blocked, id=20324, stack(0x0000006e69c00000,0x0000006e69d00000)]
  0x00000206ca078220 JavaThread "ClassGraph-worker-74" daemon [_thread_blocked, id=15300, stack(0x0000006e69d00000,0x0000006e69e00000)]
  0x00000206ca076070 JavaThread "ClassGraph-worker-75" daemon [_thread_blocked, id=4244, stack(0x0000006e69e00000,0x0000006e69f00000)]
  0x00000206ca076540 JavaThread "ClassGraph-worker-76" daemon [_thread_blocked, id=6212, stack(0x0000006e69f00000,0x0000006e6a000000)]
  0x00000206ca079560 JavaThread "ClassGraph-worker-77" daemon [_thread_blocked, id=2348, stack(0x0000006e6a000000,0x0000006e6a100000)]
  0x00000206ca076ee0 JavaThread "ClassGraph-worker-78" daemon [_thread_blocked, id=8868, stack(0x0000006e6a100000,0x0000006e6a200000)]
  0x00000206ca07a3d0 JavaThread "ClassGraph-worker-79" daemon [_thread_blocked, id=2304, stack(0x0000006e6a200000,0x0000006e6a300000)]
  0x00000206ca07b240 JavaThread "ClassGraph-worker-80" daemon [_thread_blocked, id=16960, stack(0x0000006e6a300000,0x0000006e6a400000)]
  0x00000206ca07a8a0 JavaThread "ClassGraph-worker-81" daemon [_thread_blocked, id=23032, stack(0x0000006e6a400000,0x0000006e6a500000)]
  0x00000206ca07ad70 JavaThread "ClassGraph-worker-82" daemon [_thread_blocked, id=13708, stack(0x0000006e6a500000,0x0000006e6a600000)]
  0x00000206ca0773b0 JavaThread "ClassGraph-worker-83" daemon [_thread_blocked, id=8856, stack(0x0000006e6a600000,0x0000006e6a700000)]

Other Threads:
=>0x00000206c4058fe0 VMThread "VM Thread" [stack: 0x0000006e67600000,0x0000006e67700000] [id=21540]
  0x00000206c565cb80 WatcherThread [stack: 0x0000006e68b00000,0x0000006e68c00000] [id=8988]
  0x00000206b1307720 GCTaskThread "GC Thread#0" [stack: 0x0000006e67100000,0x0000006e67200000] [id=20268]
  0x00000206c4cf7990 GCTaskThread "GC Thread#1" [stack: 0x0000006e68300000,0x0000006e68400000] [id=6356]
  0x00000206c4cf7c40 GCTaskThread "GC Thread#2" [stack: 0x0000006e68400000,0x0000006e68500000] [id=9404]
  0x00000206c50e90d0 GCTaskThread "GC Thread#3" [stack: 0x0000006e68500000,0x0000006e68600000] [id=22880]
  0x00000206c50e9380 GCTaskThread "GC Thread#4" [stack: 0x0000006e68600000,0x0000006e68700000] [id=11772]
  0x00000206c50e9630 GCTaskThread "GC Thread#5" [stack: 0x0000006e68700000,0x0000006e68800000] [id=18104]
  0x00000206b1318190 ConcurrentGCThread "G1 Main Marker" [stack: 0x0000006e67200000,0x0000006e67300000] [id=21772]
  0x00000206b131a1f0 ConcurrentGCThread "G1 Conc#0" [stack: 0x0000006e67300000,0x0000006e67400000] [id=14632]
  0x00000206c5bcadd0 ConcurrentGCThread "G1 Conc#1" [stack: 0x0000006e69300000,0x0000006e69400000] [id=22972]
  0x00000206b131e5f0 ConcurrentGCThread "G1 Refine#0" [stack: 0x0000006e67400000,0x0000006e67500000] [id=16544]
  0x00000206ca0ef200 ConcurrentGCThread "G1 Refine#1" [stack: 0x0000006e6a700000,0x0000006e6a800000] [id=15292]
  0x00000206ca0efaa0 ConcurrentGCThread "G1 Refine#2" [stack: 0x0000006e6a800000,0x0000006e6a900000] [id=10864]
  0x00000206ca0ef4e0 ConcurrentGCThread "G1 Refine#3" [stack: 0x0000006e6a900000,0x0000006e6aa00000] [id=16120]
  0x00000206c0fecf50 ConcurrentGCThread "G1 Service" [stack: 0x0000006e67500000,0x0000006e67600000] [id=15512]

Threads with active compile tasks:

VM state: at safepoint (normal execution)

VM Mutex/Monitor currently owned by a thread:  ([mutex/lock_event])
[0x00000206b127d590] Threads_lock - owner thread: 0x00000206c4058fe0
[0x00000206b127da10] Heap_lock - owner thread: 0x00000206ca07a8a0

Heap address: 0x0000000703600000, size: 4042 MB, Compressed Oops mode: Zero based, Oop shift amount: 3

CDS archive(s) not mapped
Compressed class space mapped at: 0x0000000800000000-0x0000000840000000, reserved size: 1073741824
Narrow klass base: 0x0000000800000000, Narrow klass shift: 0, Narrow klass range: 0x40000000

GC Precious Log:
 CPUs: 6 total, 6 available
 Memory: 16165M
 Large Page Support: Disabled
 NUMA Support: Disabled
 Compressed Oops: Enabled (Zero based)
 Heap Region Size: 2M
 Heap Min Capacity: 8M
 Heap Initial Capacity: 254M
 Heap Max Capacity: 4042M
 Pre-touch: Disabled
 Parallel Workers: 6
 Concurrent Workers: 2
 Concurrent Refinement Workers: 6
 Periodic GC: Disabled

Heap:
 garbage-first heap   total 456704K, used 201728K [0x0000000703600000, 0x0000000800000000)
  region size 2048K, 9 young (18432K), 9 survivors (18432K)
 Metaspace       used 76894K, committed 77312K, reserved 1122304K
  class space    used 10366K, committed 10560K, reserved 1048576K

Heap Regions: E=young(eden), S=young(survivor), O=old, HS=humongous(starts), HC=humongous(continues), CS=collection set, F=free, OA=open archive, CA=closed archive, TAMS=top-at-mark-start (previous, next)
|   0|0x0000000703600000, 0x0000000703800000, 0x0000000703800000|100%| O|  |TAMS 0x0000000703800000, 0x0000000703600000| Untracked 
|   1|0x0000000703800000, 0x0000000703a00000, 0x0000000703a00000|100%| O|  |TAMS 0x0000000703a00000, 0x0000000703800000| Untracked 
|   2|0x0000000703a00000, 0x0000000703c00000, 0x0000000703c00000|100%| O|  |TAMS 0x0000000703c00000, 0x0000000703a00000| Untracked 
|   3|0x0000000703c00000, 0x0000000703e00000, 0x0000000703e00000|100%| O|  |TAMS 0x0000000703e00000, 0x0000000703c00000| Untracked 
|   4|0x0000000703e00000, 0x0000000704000000, 0x0000000704000000|100%| O|  |TAMS 0x0000000704000000, 0x0000000703e00000| Untracked 
|   5|0x0000000704000000, 0x0000000704200000, 0x0000000704200000|100%| O|  |TAMS 0x0000000704200000, 0x0000000704000000| Untracked 
|   6|0x0000000704200000, 0x0000000704400000, 0x0000000704400000|100%| O|  |TAMS 0x0000000704400000, 0x0000000704200000| Untracked 
|   7|0x0000000704400000, 0x0000000704600000, 0x0000000704600000|100%| O|  |TAMS 0x0000000704600000, 0x0000000704400000| Untracked 
|   8|0x0000000704600000, 0x0000000704800000, 0x0000000704800000|100%| O|  |TAMS 0x0000000704800000, 0x0000000704600000| Untracked 
|   9|0x0000000704800000, 0x0000000704a00000, 0x0000000704a00000|100%| O|  |TAMS 0x0000000704a00000, 0x0000000704800000| Untracked 
|  10|0x0000000704a00000, 0x0000000704c00000, 0x0000000704c00000|100%| O|  |TAMS 0x0000000704a00000, 0x0000000704a00000| Untracked 
|  11|0x0000000704c00000, 0x0000000704e00000, 0x0000000704e00000|100%| O|  |TAMS 0x0000000704e00000, 0x0000000704c00000| Untracked 
|  12|0x0000000704e00000, 0x0000000705000000, 0x0000000705000000|100%| O|  |TAMS 0x0000000705000000, 0x0000000704e00000| Untracked 
|  13|0x0000000705000000, 0x0000000705200000, 0x0000000705200000|100%| O|  |TAMS 0x0000000705200000, 0x0000000705000000| Untracked 
|  14|0x0000000705200000, 0x0000000705400000, 0x0000000705400000|100%| O|  |TAMS 0x0000000705400000, 0x0000000705200000| Untracked 
|  15|0x0000000705400000, 0x0000000705600000, 0x0000000705600000|100%| O|  |TAMS 0x0000000705600000, 0x0000000705400000| Untracked 
|  16|0x0000000705600000, 0x0000000705800000, 0x0000000705800000|100%| O|  |TAMS 0x0000000705800000, 0x0000000705600000| Untracked 
|  17|0x0000000705800000, 0x0000000705a00000, 0x0000000705a00000|100%| O|  |TAMS 0x0000000705a00000, 0x0000000705800000| Untracked 
|  18|0x0000000705a00000, 0x0000000705c00000, 0x0000000705c00000|100%| O|  |TAMS 0x0000000705c00000, 0x0000000705a00000| Untracked 
|  19|0x0000000705c00000, 0x0000000705e00000, 0x0000000705e00000|100%| O|  |TAMS 0x0000000705e00000, 0x0000000705c00000| Untracked 
|  20|0x0000000705e00000, 0x0000000706000000, 0x0000000706000000|100%| O|  |TAMS 0x0000000706000000, 0x0000000705e00000| Untracked 
|  21|0x0000000706000000, 0x0000000706200000, 0x0000000706200000|100%| O|  |TAMS 0x0000000706200000, 0x0000000706000000| Untracked 
|  22|0x0000000706200000, 0x0000000706400000, 0x0000000706400000|100%| O|  |TAMS 0x0000000706400000, 0x0000000706200000| Untracked 
|  23|0x0000000706400000, 0x0000000706600000, 0x0000000706600000|100%| O|  |TAMS 0x0000000706600000, 0x0000000706400000| Untracked 
|  24|0x0000000706600000, 0x0000000706800000, 0x0000000706800000|100%| O|  |TAMS 0x0000000706800000, 0x0000000706600000| Untracked 
|  25|0x0000000706800000, 0x0000000706a00000, 0x0000000706a00000|100%| O|  |TAMS 0x0000000706800000, 0x0000000706800000| Untracked 
|  26|0x0000000706a00000, 0x0000000706c00000, 0x0000000706c00000|100%| O|  |TAMS 0x0000000706a00000, 0x0000000706a00000| Untracked 
|  27|0x0000000706c00000, 0x0000000706e00000, 0x0000000706e00000|100%| O|  |TAMS 0x0000000706e00000, 0x0000000706c00000| Untracked 
|  28|0x0000000706e00000, 0x0000000707000000, 0x0000000707000000|100%| O|  |TAMS 0x0000000707000000, 0x0000000706e00000| Untracked 
|  29|0x0000000707000000, 0x0000000707200000, 0x0000000707200000|100%| O|  |TAMS 0x0000000707000000, 0x0000000707000000| Untracked 
|  30|0x0000000707200000, 0x0000000707400000, 0x0000000707400000|100%| O|  |TAMS 0x0000000707200000, 0x0000000707200000| Untracked 
|  31|0x0000000707400000, 0x0000000707600000, 0x0000000707600000|100%| O|  |TAMS 0x0000000707400000, 0x0000000707400000| Untracked 
|  32|0x0000000707600000, 0x0000000707800000, 0x0000000707800000|100%| O|  |TAMS 0x0000000707600000, 0x0000000707600000| Untracked 
|  33|0x0000000707800000, 0x0000000707a00000, 0x0000000707a00000|100%| O|  |TAMS 0x0000000707800000, 0x0000000707800000| Untracked 
|  34|0x0000000707a00000, 0x0000000707c00000, 0x0000000707c00000|100%| O|  |TAMS 0x0000000707a00000, 0x0000000707a00000| Untracked 
|  35|0x0000000707c00000, 0x0000000707e00000, 0x0000000707e00000|100%| O|  |TAMS 0x0000000707c00000, 0x0000000707c00000| Untracked 
|  36|0x0000000707e00000, 0x0000000708000000, 0x0000000708000000|100%| O|  |TAMS 0x0000000707e00000, 0x0000000707e00000| Untracked 
|  37|0x0000000708000000, 0x0000000708200000, 0x0000000708200000|100%| O|  |TAMS 0x0000000708200000, 0x0000000708000000| Untracked 
|  38|0x0000000708200000, 0x0000000708400000, 0x0000000708400000|100%| O|  |TAMS 0x0000000708200000, 0x0000000708200000| Untracked 
|  39|0x0000000708400000, 0x0000000708600000, 0x0000000708600000|100%| O|  |TAMS 0x0000000708600000, 0x0000000708400000| Untracked 
|  40|0x0000000708600000, 0x0000000708800000, 0x0000000708800000|100%| O|  |TAMS 0x0000000708800000, 0x0000000708600000| Untracked 
|  41|0x0000000708800000, 0x0000000708a00000, 0x0000000708a00000|100%| O|  |TAMS 0x0000000708a00000, 0x0000000708800000| Untracked 
|  42|0x0000000708a00000, 0x0000000708c00000, 0x0000000708c00000|100%| O|  |TAMS 0x0000000708a00000, 0x0000000708a00000| Untracked 
|  43|0x0000000708c00000, 0x0000000708e00000, 0x0000000708e00000|100%| O|  |TAMS 0x0000000708c00000, 0x0000000708c00000| Untracked 
|  44|0x0000000708e00000, 0x0000000709000000, 0x0000000709000000|100%| O|  |TAMS 0x0000000708e00000, 0x0000000708e00000| Untracked 
|  45|0x0000000709000000, 0x0000000709200000, 0x0000000709200000|100%| O|  |TAMS 0x0000000709000000, 0x0000000709000000| Untracked 
|  46|0x0000000709200000, 0x0000000709400000, 0x0000000709400000|100%| O|  |TAMS 0x0000000709200000, 0x0000000709200000| Untracked 
|  47|0x0000000709400000, 0x0000000709600000, 0x0000000709600000|100%| O|  |TAMS 0x0000000709600000, 0x0000000709400000| Untracked 
|  48|0x0000000709600000, 0x0000000709800000, 0x0000000709800000|100%| O|  |TAMS 0x0000000709600000, 0x0000000709600000| Untracked 
|  49|0x0000000709800000, 0x0000000709a00000, 0x0000000709a00000|100%| O|  |TAMS 0x0000000709a00000, 0x0000000709800000| Untracked 
|  50|0x0000000709a00000, 0x0000000709c00000, 0x0000000709c00000|100%| O|  |TAMS 0x0000000709bb0600, 0x0000000709a00000| Untracked 
|  51|0x0000000709c00000, 0x0000000709e00000, 0x0000000709e00000|100%| O|  |TAMS 0x0000000709c00000, 0x0000000709c00000| Untracked 
|  52|0x0000000709e00000, 0x000000070a000000, 0x000000070a000000|100%| O|  |TAMS 0x0000000709e00000, 0x0000000709e00000| Untracked 
|  53|0x000000070a000000, 0x000000070a200000, 0x000000070a200000|100%| O|  |TAMS 0x000000070a000000, 0x000000070a000000| Untracked 
|  54|0x000000070a200000, 0x000000070a400000, 0x000000070a400000|100%| O|  |TAMS 0x000000070a200000, 0x000000070a200000| Untracked 
|  55|0x000000070a400000, 0x000000070a600000, 0x000000070a600000|100%| O|  |TAMS 0x000000070a400000, 0x000000070a400000| Untracked 
|  56|0x000000070a600000, 0x000000070a800000, 0x000000070a800000|100%| O|  |TAMS 0x000000070a600000, 0x000000070a600000| Untracked 
|  57|0x000000070a800000, 0x000000070aa00000, 0x000000070aa00000|100%| O|  |TAMS 0x000000070a800000, 0x000000070a800000| Untracked 
|  58|0x000000070aa00000, 0x000000070ac00000, 0x000000070ac00000|100%| O|  |TAMS 0x000000070aa00000, 0x000000070aa00000| Untracked 
|  59|0x000000070ac00000, 0x000000070ae00000, 0x000000070ae00000|100%| O|  |TAMS 0x000000070ac00000, 0x000000070ac00000| Untracked 
|  60|0x000000070ae00000, 0x000000070b000000, 0x000000070b000000|100%| O|  |TAMS 0x000000070ae00000, 0x000000070ae00000| Untracked 
|  61|0x000000070b000000, 0x000000070b200000, 0x000000070b200000|100%| O|  |TAMS 0x000000070b000000, 0x000000070b000000| Untracked 
|  62|0x000000070b200000, 0x000000070b400000, 0x000000070b400000|100%| O|  |TAMS 0x000000070b200000, 0x000000070b200000| Untracked 
|  63|0x000000070b400000, 0x000000070b600000, 0x000000070b600000|100%| O|  |TAMS 0x000000070b400000, 0x000000070b400000| Untracked 
|  64|0x000000070b600000, 0x000000070b800000, 0x000000070b800000|100%| O|  |TAMS 0x000000070b600000, 0x000000070b600000| Untracked 
|  65|0x000000070b800000, 0x000000070ba00000, 0x000000070ba00000|100%| O|  |TAMS 0x000000070b800000, 0x000000070b800000| Untracked 
|  66|0x000000070ba00000, 0x000000070bc00000, 0x000000070bc00000|100%| O|  |TAMS 0x000000070ba00000, 0x000000070ba00000| Untracked 
|  67|0x000000070bc00000, 0x000000070be00000, 0x000000070be00000|100%| O|  |TAMS 0x000000070bc00000, 0x000000070bc00000| Untracked 
|  68|0x000000070be00000, 0x000000070c000000, 0x000000070c000000|100%| O|  |TAMS 0x000000070be00000, 0x000000070be00000| Untracked 
|  69|0x000000070c000000, 0x000000070c200000, 0x000000070c200000|100%| O|  |TAMS 0x000000070c000000, 0x000000070c000000| Untracked 
|  70|0x000000070c200000, 0x000000070c400000, 0x000000070c400000|100%| O|  |TAMS 0x000000070c200000, 0x000000070c200000| Untracked 
|  71|0x000000070c400000, 0x000000070c600000, 0x000000070c600000|100%| O|  |TAMS 0x000000070c400000, 0x000000070c400000| Untracked 
|  72|0x000000070c600000, 0x000000070c800000, 0x000000070c800000|100%| O|  |TAMS 0x000000070c600000, 0x000000070c600000| Untracked 
|  73|0x000000070c800000, 0x000000070ca00000, 0x000000070ca00000|100%| O|  |TAMS 0x000000070c800000, 0x000000070c800000| Untracked 
|  74|0x000000070ca00000, 0x000000070cc00000, 0x000000070cc00000|100%| O|  |TAMS 0x000000070ca00000, 0x000000070ca00000| Untracked 
|  75|0x000000070cc00000, 0x000000070ce00000, 0x000000070ce00000|100%| O|  |TAMS 0x000000070cc00000, 0x000000070cc00000| Untracked 
|  76|0x000000070ce00000, 0x000000070d000000, 0x000000070d000000|100%| O|  |TAMS 0x000000070ce00000, 0x000000070ce00000| Untracked 
|  77|0x000000070d000000, 0x000000070d200000, 0x000000070d200000|100%| O|  |TAMS 0x000000070d000000, 0x000000070d000000| Untracked 
|  78|0x000000070d200000, 0x000000070d400000, 0x000000070d400000|100%| O|  |TAMS 0x000000070d200000, 0x000000070d200000| Untracked 
|  79|0x000000070d400000, 0x000000070d600000, 0x000000070d600000|100%| O|  |TAMS 0x000000070d400000, 0x000000070d400000| Untracked 
|  80|0x000000070d600000, 0x000000070d800000, 0x000000070d800000|100%| O|  |TAMS 0x000000070d600000, 0x000000070d600000| Untracked 
|  81|0x000000070d800000, 0x000000070da00000, 0x000000070da00000|100%| O|  |TAMS 0x000000070d800000, 0x000000070d800000| Untracked 
|  82|0x000000070da00000, 0x000000070dc00000, 0x000000070dc00000|100%| O|  |TAMS 0x000000070da00000, 0x000000070da00000| Untracked 
|  83|0x000000070dc00000, 0x000000070de00000, 0x000000070de00000|100%| O|  |TAMS 0x000000070dc00000, 0x000000070dc00000| Untracked 
|  84|0x000000070de00000, 0x000000070e000000, 0x000000070e000000|100%| O|  |TAMS 0x000000070de00000, 0x000000070de00000| Untracked 
|  85|0x000000070e000000, 0x000000070e200000, 0x000000070e200000|100%| O|  |TAMS 0x000000070e000000, 0x000000070e000000| Untracked 
|  86|0x000000070e200000, 0x000000070e400000, 0x000000070e400000|100%| O|  |TAMS 0x000000070e200000, 0x000000070e200000| Untracked 
|  87|0x000000070e400000, 0x000000070e600000, 0x000000070e600000|100%| O|  |TAMS 0x000000070e400000, 0x000000070e400000| Untracked 
|  88|0x000000070e600000, 0x000000070e800000, 0x000000070e800000|100%| O|  |TAMS 0x000000070e600000, 0x000000070e600000| Untracked 
|  89|0x000000070e800000, 0x000000070e900000, 0x000000070ea00000| 50%| O|  |TAMS 0x000000070e800000, 0x000000070e800000| Untracked 
|  90|0x000000070ea00000, 0x000000070ea00000, 0x000000070ec00000|  0%| F|  |TAMS 0x000000070ea00000, 0x000000070ea00000| Untracked 
|  91|0x000000070ec00000, 0x000000070ec00000, 0x000000070ee00000|  0%| F|  |TAMS 0x000000070ec00000, 0x000000070ec00000| Untracked 
|  92|0x000000070ee00000, 0x000000070ee00000, 0x000000070f000000|  0%| F|  |TAMS 0x000000070ee00000, 0x000000070ee00000| Untracked 
|  93|0x000000070f000000, 0x000000070f000000, 0x000000070f200000|  0%| F|  |TAMS 0x000000070f000000, 0x000000070f000000| Untracked 
|  94|0x000000070f200000, 0x000000070f200000, 0x000000070f400000|  0%| F|  |TAMS 0x000000070f200000, 0x000000070f200000| Untracked 
|  95|0x000000070f400000, 0x000000070f400000, 0x000000070f600000|  0%| F|  |TAMS 0x000000070f400000, 0x000000070f400000| Untracked 
|  96|0x000000070f600000, 0x000000070f600000, 0x000000070f800000|  0%| F|  |TAMS 0x000000070f600000, 0x000000070f600000| Untracked 
|  97|0x000000070f800000, 0x000000070f800000, 0x000000070fa00000|  0%| F|  |TAMS 0x000000070f800000, 0x000000070f800000| Untracked 
|  98|0x000000070fa00000, 0x000000070fa00000, 0x000000070fc00000|  0%| F|  |TAMS 0x000000070fa00000, 0x000000070fa00000| Untracked 
|  99|0x000000070fc00000, 0x000000070fc00000, 0x000000070fe00000|  0%| F|  |TAMS 0x000000070fc00000, 0x000000070fc00000| Untracked 
| 100|0x000000070fe00000, 0x000000070fe00000, 0x0000000710000000|  0%| F|  |TAMS 0x000000070fe00000, 0x000000070fe00000| Untracked 
| 101|0x0000000710000000, 0x0000000710000000, 0x0000000710200000|  0%| F|  |TAMS 0x0000000710000000, 0x0000000710000000| Untracked 
| 102|0x0000000710200000, 0x0000000710200000, 0x0000000710400000|  0%| F|  |TAMS 0x0000000710200000, 0x0000000710200000| Untracked 
| 103|0x0000000710400000, 0x0000000710400000, 0x0000000710600000|  0%| F|  |TAMS 0x0000000710400000, 0x0000000710400000| Untracked 
| 104|0x0000000710600000, 0x0000000710600000, 0x0000000710800000|  0%| F|  |TAMS 0x0000000710600000, 0x0000000710600000| Untracked 
| 105|0x0000000710800000, 0x0000000710800000, 0x0000000710a00000|  0%| F|  |TAMS 0x0000000710800000, 0x0000000710800000| Untracked 
| 106|0x0000000710a00000, 0x0000000710a00000, 0x0000000710c00000|  0%| F|  |TAMS 0x0000000710a00000, 0x0000000710a00000| Untracked 
| 107|0x0000000710c00000, 0x0000000710c00000, 0x0000000710e00000|  0%| F|  |TAMS 0x0000000710c00000, 0x0000000710c00000| Untracked 
| 108|0x0000000710e00000, 0x0000000710e00000, 0x0000000711000000|  0%| F|  |TAMS 0x0000000710e00000, 0x0000000710e00000| Untracked 
| 109|0x0000000711000000, 0x0000000711000000, 0x0000000711200000|  0%| F|  |TAMS 0x0000000711000000, 0x0000000711000000| Untracked 
| 110|0x0000000711200000, 0x0000000711200000, 0x0000000711400000|  0%| F|  |TAMS 0x0000000711200000, 0x0000000711200000| Untracked 
| 111|0x0000000711400000, 0x0000000711400000, 0x0000000711600000|  0%| F|  |TAMS 0x0000000711400000, 0x0000000711400000| Untracked 
| 112|0x0000000711600000, 0x0000000711600000, 0x0000000711800000|  0%| F|  |TAMS 0x0000000711600000, 0x0000000711600000| Untracked 
| 113|0x0000000711800000, 0x0000000711800000, 0x0000000711a00000|  0%| F|  |TAMS 0x0000000711800000, 0x0000000711800000| Untracked 
| 114|0x0000000711a00000, 0x0000000711a00000, 0x0000000711c00000|  0%| F|  |TAMS 0x0000000711a00000, 0x0000000711a00000| Untracked 
| 115|0x0000000711c00000, 0x0000000711c00000, 0x0000000711e00000|  0%| F|  |TAMS 0x0000000711c00000, 0x0000000711c00000| Untracked 
| 116|0x0000000711e00000, 0x0000000711e00000, 0x0000000712000000|  0%| F|  |TAMS 0x0000000711e00000, 0x0000000711e00000| Untracked 
| 117|0x0000000712000000, 0x0000000712000000, 0x0000000712200000|  0%| F|  |TAMS 0x0000000712000000, 0x0000000712000000| Untracked 
| 118|0x0000000712200000, 0x0000000712200000, 0x0000000712400000|  0%| F|  |TAMS 0x0000000712200000, 0x0000000712200000| Untracked 
| 119|0x0000000712400000, 0x0000000712400000, 0x0000000712600000|  0%| F|  |TAMS 0x0000000712400000, 0x0000000712400000| Untracked 
| 120|0x0000000712600000, 0x0000000712600000, 0x0000000712800000|  0%| F|  |TAMS 0x0000000712600000, 0x0000000712600000| Untracked 
| 121|0x0000000712800000, 0x0000000712800000, 0x0000000712a00000|  0%| F|  |TAMS 0x0000000712800000, 0x0000000712800000| Untracked 
| 122|0x0000000712a00000, 0x0000000712a00000, 0x0000000712c00000|  0%| F|  |TAMS 0x0000000712a00000, 0x0000000712a00000| Untracked 
| 123|0x0000000712c00000, 0x0000000712c00000, 0x0000000712e00000|  0%| F|  |TAMS 0x0000000712c00000, 0x0000000712c00000| Untracked 
| 124|0x0000000712e00000, 0x0000000712e00000, 0x0000000713000000|  0%| F|  |TAMS 0x0000000712e00000, 0x0000000712e00000| Untracked 
| 125|0x0000000713000000, 0x0000000713000000, 0x0000000713200000|  0%| F|  |TAMS 0x0000000713000000, 0x0000000713000000| Untracked 
| 126|0x0000000713200000, 0x0000000713200000, 0x0000000713400000|  0%| F|  |TAMS 0x0000000713200000, 0x0000000713200000| Untracked 
| 127|0x0000000713400000, 0x0000000713400000, 0x0000000713600000|  0%| F|  |TAMS 0x0000000713400000, 0x0000000713400000| Untracked 
| 128|0x0000000713600000, 0x0000000713600000, 0x0000000713800000|  0%| F|  |TAMS 0x0000000713600000, 0x0000000713600000| Untracked 
| 129|0x0000000713800000, 0x0000000713800000, 0x0000000713a00000|  0%| F|  |TAMS 0x0000000713800000, 0x0000000713800000| Untracked 
| 130|0x0000000713a00000, 0x0000000713a00000, 0x0000000713c00000|  0%| F|  |TAMS 0x0000000713a00000, 0x0000000713a00000| Untracked 
| 131|0x0000000713c00000, 0x0000000713c00000, 0x0000000713e00000|  0%| F|  |TAMS 0x0000000713c00000, 0x0000000713c00000| Untracked 
| 132|0x0000000713e00000, 0x0000000713e00000, 0x0000000714000000|  0%| F|  |TAMS 0x0000000713e00000, 0x0000000713e00000| Untracked 
| 133|0x0000000714000000, 0x0000000714000000, 0x0000000714200000|  0%| F|  |TAMS 0x0000000714000000, 0x0000000714000000| Untracked 
| 134|0x0000000714200000, 0x0000000714200000, 0x0000000714400000|  0%| F|  |TAMS 0x0000000714200000, 0x0000000714200000| Untracked 
| 135|0x0000000714400000, 0x0000000714400000, 0x0000000714600000|  0%| F|  |TAMS 0x0000000714400000, 0x0000000714400000| Untracked 
| 136|0x0000000714600000, 0x0000000714600000, 0x0000000714800000|  0%| F|  |TAMS 0x0000000714600000, 0x0000000714600000| Untracked 
| 137|0x0000000714800000, 0x0000000714800000, 0x0000000714a00000|  0%| F|  |TAMS 0x0000000714800000, 0x0000000714800000| Untracked 
| 138|0x0000000714a00000, 0x0000000714a00000, 0x0000000714c00000|  0%| F|  |TAMS 0x0000000714a00000, 0x0000000714a00000| Untracked 
| 139|0x0000000714c00000, 0x0000000714c00000, 0x0000000714e00000|  0%| F|  |TAMS 0x0000000714c00000, 0x0000000714c00000| Untracked 
| 140|0x0000000714e00000, 0x0000000714e00000, 0x0000000715000000|  0%| F|  |TAMS 0x0000000714e00000, 0x0000000714e00000| Untracked 
| 141|0x0000000715000000, 0x0000000715000000, 0x0000000715200000|  0%| F|  |TAMS 0x0000000715000000, 0x0000000715000000| Untracked 
| 142|0x0000000715200000, 0x0000000715200000, 0x0000000715400000|  0%| F|  |TAMS 0x0000000715200000, 0x0000000715200000| Untracked 
| 143|0x0000000715400000, 0x0000000715400000, 0x0000000715600000|  0%| F|  |TAMS 0x0000000715400000, 0x0000000715400000| Untracked 
| 144|0x0000000715600000, 0x0000000715600000, 0x0000000715800000|  0%| F|  |TAMS 0x0000000715600000, 0x0000000715600000| Untracked 
| 145|0x0000000715800000, 0x0000000715a00000, 0x0000000715a00000|100%| S|CS|TAMS 0x0000000715800000, 0x0000000715800000| Complete 
| 146|0x0000000715a00000, 0x0000000715c00000, 0x0000000715c00000|100%| S|CS|TAMS 0x0000000715a00000, 0x0000000715a00000| Complete 
| 147|0x0000000715c00000, 0x0000000715e00000, 0x0000000715e00000|100%| S|CS|TAMS 0x0000000715c00000, 0x0000000715c00000| Complete 
| 148|0x0000000715e00000, 0x0000000715e00000, 0x0000000716000000|  0%| F|  |TAMS 0x0000000715e00000, 0x0000000715e00000| Untracked 
| 149|0x0000000716000000, 0x0000000716000000, 0x0000000716200000|  0%| F|  |TAMS 0x0000000716000000, 0x0000000716000000| Untracked 
| 150|0x0000000716200000, 0x0000000716200000, 0x0000000716400000|  0%| F|  |TAMS 0x0000000716200000, 0x0000000716200000| Untracked 
| 151|0x0000000716400000, 0x0000000716400000, 0x0000000716600000|  0%| F|  |TAMS 0x0000000716400000, 0x0000000716400000| Untracked 
| 152|0x0000000716600000, 0x0000000716600000, 0x0000000716800000|  0%| F|  |TAMS 0x0000000716600000, 0x0000000716600000| Untracked 
| 153|0x0000000716800000, 0x0000000716800000, 0x0000000716a00000|  0%| F|  |TAMS 0x0000000716800000, 0x0000000716800000| Untracked 
| 154|0x0000000716a00000, 0x0000000716a00000, 0x0000000716c00000|  0%| F|  |TAMS 0x0000000716a00000, 0x0000000716a00000| Untracked 
| 155|0x0000000716c00000, 0x0000000716c00000, 0x0000000716e00000|  0%| F|  |TAMS 0x0000000716c00000, 0x0000000716c00000| Untracked 
| 156|0x0000000716e00000, 0x0000000716e00000, 0x0000000717000000|  0%| F|  |TAMS 0x0000000716e00000, 0x0000000716e00000| Untracked 
| 157|0x0000000717000000, 0x0000000717000000, 0x0000000717200000|  0%| F|  |TAMS 0x0000000717000000, 0x0000000717000000| Untracked 
| 158|0x0000000717200000, 0x0000000717400000, 0x0000000717400000|100%| S|CS|TAMS 0x0000000717200000, 0x0000000717200000| Complete 
| 159|0x0000000717400000, 0x0000000717600000, 0x0000000717600000|100%| S|CS|TAMS 0x0000000717400000, 0x0000000717400000| Complete 
| 160|0x0000000717600000, 0x0000000717800000, 0x0000000717800000|100%| S|CS|TAMS 0x0000000717600000, 0x0000000717600000| Complete 
| 161|0x0000000717800000, 0x0000000717a00000, 0x0000000717a00000|100%| S|CS|TAMS 0x0000000717800000, 0x0000000717800000| Complete 
| 162|0x0000000717a00000, 0x0000000717c00000, 0x0000000717c00000|100%| S|CS|TAMS 0x0000000717a00000, 0x0000000717a00000| Complete 
| 163|0x0000000717c00000, 0x0000000717e00000, 0x0000000717e00000|100%| S|CS|TAMS 0x0000000717c00000, 0x0000000717c00000| Complete 
| 164|0x0000000717e00000, 0x0000000717e00000, 0x0000000718000000|  0%| F|  |TAMS 0x0000000717e00000, 0x0000000717e00000| Untracked 
| 165|0x0000000718000000, 0x0000000718000000, 0x0000000718200000|  0%| F|  |TAMS 0x0000000718000000, 0x0000000718000000| Untracked 
| 166|0x0000000718200000, 0x0000000718200000, 0x0000000718400000|  0%| F|  |TAMS 0x0000000718200000, 0x0000000718200000| Untracked 
| 167|0x0000000718400000, 0x0000000718400000, 0x0000000718600000|  0%| F|  |TAMS 0x0000000718400000, 0x0000000718400000| Untracked 
| 168|0x0000000718600000, 0x0000000718600000, 0x0000000718800000|  0%| F|  |TAMS 0x0000000718600000, 0x0000000718600000| Untracked 
| 169|0x0000000718800000, 0x0000000718800000, 0x0000000718a00000|  0%| F|  |TAMS 0x0000000718800000, 0x0000000718800000| Untracked 
| 170|0x0000000718a00000, 0x0000000718a00000, 0x0000000718c00000|  0%| F|  |TAMS 0x0000000718a00000, 0x0000000718a00000| Untracked 
| 171|0x0000000718c00000, 0x0000000718c00000, 0x0000000718e00000|  0%| F|  |TAMS 0x0000000718c00000, 0x0000000718c00000| Untracked 
| 172|0x0000000718e00000, 0x0000000718e00000, 0x0000000719000000|  0%| F|  |TAMS 0x0000000718e00000, 0x0000000718e00000| Untracked 
| 173|0x0000000719000000, 0x0000000719000000, 0x0000000719200000|  0%| F|  |TAMS 0x0000000719000000, 0x0000000719000000| Untracked 
| 174|0x0000000719200000, 0x0000000719200000, 0x0000000719400000|  0%| F|  |TAMS 0x0000000719200000, 0x0000000719200000| Untracked 
| 175|0x0000000719400000, 0x0000000719400000, 0x0000000719600000|  0%| F|  |TAMS 0x0000000719400000, 0x0000000719400000| Untracked 
| 176|0x0000000719600000, 0x0000000719600000, 0x0000000719800000|  0%| F|  |TAMS 0x0000000719600000, 0x0000000719600000| Untracked 
| 177|0x0000000719800000, 0x0000000719800000, 0x0000000719a00000|  0%| F|  |TAMS 0x0000000719800000, 0x0000000719800000| Untracked 
| 178|0x0000000719a00000, 0x0000000719a00000, 0x0000000719c00000|  0%| F|  |TAMS 0x0000000719a00000, 0x0000000719a00000| Untracked 
| 179|0x0000000719c00000, 0x0000000719c00000, 0x0000000719e00000|  0%| F|  |TAMS 0x0000000719c00000, 0x0000000719c00000| Untracked 
| 180|0x0000000719e00000, 0x0000000719e00000, 0x000000071a000000|  0%| F|  |TAMS 0x0000000719e00000, 0x0000000719e00000| Untracked 
| 181|0x000000071a000000, 0x000000071a000000, 0x000000071a200000|  0%| F|  |TAMS 0x000000071a000000, 0x000000071a000000| Untracked 
| 182|0x000000071a200000, 0x000000071a200000, 0x000000071a400000|  0%| F|  |TAMS 0x000000071a200000, 0x000000071a200000| Untracked 
| 183|0x000000071a400000, 0x000000071a400000, 0x000000071a600000|  0%| F|  |TAMS 0x000000071a400000, 0x000000071a400000| Untracked 
| 184|0x000000071a600000, 0x000000071a600000, 0x000000071a800000|  0%| F|  |TAMS 0x000000071a600000, 0x000000071a600000| Untracked 
| 185|0x000000071a800000, 0x000000071a800000, 0x000000071aa00000|  0%| F|  |TAMS 0x000000071a800000, 0x000000071a800000| Untracked 
| 186|0x000000071aa00000, 0x000000071aa00000, 0x000000071ac00000|  0%| F|  |TAMS 0x000000071aa00000, 0x000000071aa00000| Untracked 
| 187|0x000000071ac00000, 0x000000071ac00000, 0x000000071ae00000|  0%| F|  |TAMS 0x000000071ac00000, 0x000000071ac00000| Untracked 
| 188|0x000000071ae00000, 0x000000071ae00000, 0x000000071b000000|  0%| F|  |TAMS 0x000000071ae00000, 0x000000071ae00000| Untracked 
| 189|0x000000071b000000, 0x000000071b000000, 0x000000071b200000|  0%| F|  |TAMS 0x000000071b000000, 0x000000071b000000| Untracked 
| 190|0x000000071b200000, 0x000000071b200000, 0x000000071b400000|  0%| F|  |TAMS 0x000000071b200000, 0x000000071b200000| Untracked 
| 191|0x000000071b400000, 0x000000071b400000, 0x000000071b600000|  0%| F|  |TAMS 0x000000071b400000, 0x000000071b400000| Untracked 
| 192|0x000000071b600000, 0x000000071b600000, 0x000000071b800000|  0%| F|  |TAMS 0x000000071b600000, 0x000000071b600000| Untracked 
| 193|0x000000071b800000, 0x000000071b800000, 0x000000071ba00000|  0%| F|  |TAMS 0x000000071b800000, 0x000000071b800000| Untracked 
| 194|0x000000071ba00000, 0x000000071ba00000, 0x000000071bc00000|  0%| F|  |TAMS 0x000000071ba00000, 0x000000071ba00000| Untracked 
| 195|0x000000071bc00000, 0x000000071bc00000, 0x000000071be00000|  0%| F|  |TAMS 0x000000071bc00000, 0x000000071bc00000| Untracked 
| 196|0x000000071be00000, 0x000000071be00000, 0x000000071c000000|  0%| F|  |TAMS 0x000000071be00000, 0x000000071be00000| Untracked 
| 197|0x000000071c000000, 0x000000071c000000, 0x000000071c200000|  0%| F|  |TAMS 0x000000071c000000, 0x000000071c000000| Untracked 
| 198|0x000000071c200000, 0x000000071c200000, 0x000000071c400000|  0%| F|  |TAMS 0x000000071c200000, 0x000000071c200000| Untracked 
| 199|0x000000071c400000, 0x000000071c400000, 0x000000071c600000|  0%| F|  |TAMS 0x000000071c400000, 0x000000071c400000| Untracked 
| 200|0x000000071c600000, 0x000000071c600000, 0x000000071c800000|  0%| F|  |TAMS 0x000000071c600000, 0x000000071c600000| Untracked 
| 201|0x000000071c800000, 0x000000071c800000, 0x000000071ca00000|  0%| F|  |TAMS 0x000000071c800000, 0x000000071c800000| Untracked 
| 202|0x000000071ca00000, 0x000000071ca00000, 0x000000071cc00000|  0%| F|  |TAMS 0x000000071ca00000, 0x000000071ca00000| Untracked 
| 203|0x000000071cc00000, 0x000000071cc00000, 0x000000071ce00000|  0%| F|  |TAMS 0x000000071cc00000, 0x000000071cc00000| Untracked 
| 204|0x000000071ce00000, 0x000000071ce00000, 0x000000071d000000|  0%| F|  |TAMS 0x000000071ce00000, 0x000000071ce00000| Untracked 
| 205|0x000000071d000000, 0x000000071d000000, 0x000000071d200000|  0%| F|  |TAMS 0x000000071d000000, 0x000000071d000000| Untracked 
| 206|0x000000071d200000, 0x000000071d200000, 0x000000071d400000|  0%| F|  |TAMS 0x000000071d200000, 0x000000071d200000| Untracked 
| 207|0x000000071d400000, 0x000000071d400000, 0x000000071d600000|  0%| F|  |TAMS 0x000000071d400000, 0x000000071d400000| Untracked 
| 208|0x000000071d600000, 0x000000071d600000, 0x000000071d800000|  0%| F|  |TAMS 0x000000071d600000, 0x000000071d600000| Untracked 
| 209|0x000000071d800000, 0x000000071d800000, 0x000000071da00000|  0%| F|  |TAMS 0x000000071d800000, 0x000000071d800000| Untracked 
| 210|0x000000071da00000, 0x000000071da00000, 0x000000071dc00000|  0%| F|  |TAMS 0x000000071da00000, 0x000000071da00000| Untracked 
| 211|0x000000071dc00000, 0x000000071dc00000, 0x000000071de00000|  0%| F|  |TAMS 0x000000071dc00000, 0x000000071dc00000| Untracked 
| 212|0x000000071de00000, 0x000000071de00000, 0x000000071e000000|  0%| F|  |TAMS 0x000000071de00000, 0x000000071de00000| Untracked 
| 213|0x000000071e000000, 0x000000071e000000, 0x000000071e200000|  0%| F|  |TAMS 0x000000071e000000, 0x000000071e000000| Untracked 
| 214|0x000000071e200000, 0x000000071e200000, 0x000000071e400000|  0%| F|  |TAMS 0x000000071e200000, 0x000000071e200000| Untracked 
| 215|0x000000071e400000, 0x000000071e400000, 0x000000071e600000|  0%| F|  |TAMS 0x000000071e400000, 0x000000071e400000| Untracked 
| 216|0x000000071e600000, 0x000000071e600000, 0x000000071e800000|  0%| F|  |TAMS 0x000000071e600000, 0x000000071e600000| Untracked 
| 217|0x000000071e800000, 0x000000071e800000, 0x000000071ea00000|  0%| F|  |TAMS 0x000000071e800000, 0x000000071e800000| Untracked 
| 218|0x000000071ea00000, 0x000000071ea00000, 0x000000071ec00000|  0%| F|  |TAMS 0x000000071ea00000, 0x000000071ea00000| Untracked 
| 219|0x000000071ec00000, 0x000000071ec00000, 0x000000071ee00000|  0%| F|  |TAMS 0x000000071ec00000, 0x000000071ec00000| Untracked 
| 220|0x000000071ee00000, 0x000000071ee00000, 0x000000071f000000|  0%| F|  |TAMS 0x000000071ee00000, 0x000000071ee00000| Untracked 
| 221|0x000000071f000000, 0x000000071f000000, 0x000000071f200000|  0%| F|  |TAMS 0x000000071f000000, 0x000000071f000000| Untracked 
| 222|0x000000071f200000, 0x000000071f200000, 0x000000071f400000|  0%| F|  |TAMS 0x000000071f200000, 0x000000071f200000| Untracked 

Card table byte_map: [0x00000206b8100000,0x00000206b88f0000] _byte_map_base: 0x00000206b48e5000

Marking Bits (Prev, Next): (CMBitMap*) 0x00000206b1307bd0, (CMBitMap*) 0x00000206b1307c10
 Prev Bits: [0x00000206b90e0000, 0x00000206bd008000)
 Next Bits: [0x00000206bd010000, 0x00000206c0f38000)

Polling page: 0x00000206af230000

Metaspace:

Usage:
  Non-class:     64.97 MB used.
      Class:     10.12 MB used.
       Both:     75.09 MB used.

Virtual space:
  Non-class space:       72.00 MB reserved,      65.19 MB ( 91%) committed,  9 nodes.
      Class space:        1.00 GB reserved,      10.31 MB (  1%) committed,  1 nodes.
             Both:        1.07 GB reserved,      75.50 MB (  7%) committed. 

Chunk freelists:
   Non-Class:  2.78 MB
       Class:  1.52 MB
        Both:  4.29 MB

MaxMetaspaceSize: unlimited
CompressedClassSpaceSize: 1.00 GB
Initial GC threshold: 21.00 MB
Current GC threshold: 125.75 MB
CDS: off
MetaspaceReclaimPolicy: balanced
 - commit_granule_bytes: 65536.
 - commit_granule_words: 8192.
 - virtual_space_node_default_size: 1048576.
 - enlarge_chunks_in_place: 1.
 - new_chunks_are_fully_committed: 0.
 - uncommit_free_chunks: 1.
 - use_allocation_guard: 0.
 - handle_deallocations: 1.


Internal statistics:

num_allocs_failed_limit: 11.
num_arena_births: 568.
num_arena_deaths: 2.
num_vsnodes_births: 10.
num_vsnodes_deaths: 0.
num_space_committed: 1208.
num_space_uncommitted: 0.
num_chunks_returned_to_freelist: 14.
num_chunks_taken_from_freelist: 2993.
num_chunk_merges: 11.
num_chunk_splits: 2167.
num_chunks_enlarged: 1680.
num_purges: 2.
num_inconsistent_stats: 0.

CodeCache: size=49152Kb used=14371Kb max_used=14371Kb free=34780Kb
 bounds [0x00000206b4910000, 0x00000206b5720000, 0x00000206b7910000]
 total_blobs=7847 nmethods=7174 adapters=597
 compilation: enabled
              stopped_count=0, restarted_count=0
 full_count=0

Compilation events (20 events):
Event: 8.694 Thread 0x00000206c40a89a0 nmethod 7162 0x00000206b5712090 code [0x00000206b5712220, 0x00000206b57122d8]
Event: 8.694 Thread 0x00000206c427c1f0 nmethod 7163 0x00000206b5712390 code [0x00000206b5712580, 0x00000206b57129b8]
Event: 8.700 Thread 0x00000206c427c1f0 7165   !   1       java.util.concurrent.locks.AbstractQueuedSynchronizer$ConditionObject::await (183 bytes)
Event: 8.701 Thread 0x00000206c427c1f0 nmethod 7165 0x00000206b5712b90 code [0x00000206b5712dc0, 0x00000206b5713738]
Event: 8.701 Thread 0x00000206c4117ae0 7167       1       java.util.concurrent.ForkJoinPool::managedBlock (36 bytes)
Event: 8.701 Thread 0x00000206c40a89a0 7168       1       java.util.concurrent.ForkJoinPool::unmanagedBlock (31 bytes)
Event: 8.702 Thread 0x00000206c4117ae0 nmethod 7167 0x00000206b5714110 code [0x00000206b57142e0, 0x00000206b5714578]
Event: 8.702 Thread 0x00000206c4117ae0 7169       1       java.util.concurrent.locks.LockSupport::park (9 bytes)
Event: 8.702 Thread 0x00000206c40a89a0 nmethod 7168 0x00000206b5714710 code [0x00000206b57148c0, 0x00000206b5714a68]
Event: 8.702 Thread 0x00000206c4117ae0 nmethod 7169 0x00000206b5714b90 code [0x00000206b5714d20, 0x00000206b5714de8]
Event: 8.702 Thread 0x00000206c427c1f0 7170       1       java.util.concurrent.locks.AbstractQueuedSynchronizer$ConditionNode::block (15 bytes)
Event: 8.702 Thread 0x00000206c427c1f0 nmethod 7170 0x00000206b5714e90 code [0x00000206b5715020, 0x00000206b5715188]
Event: 8.702 Thread 0x00000206c427c1f0 7171       1       java.util.concurrent.locks.AbstractQueuedSynchronizer$Node::getAndUnsetStatus (14 bytes)
Event: 8.702 Thread 0x00000206c4117ae0 7172       1       jdk.internal.misc.Unsafe::getAndBitwiseAndInt (27 bytes)
Event: 8.702 Thread 0x00000206c427c1f0 nmethod 7171 0x00000206b5715290 code [0x00000206b5715420, 0x00000206b5715538]
Event: 8.702 Thread 0x00000206c4117ae0 nmethod 7172 0x00000206b5715610 code [0x00000206b57157a0, 0x00000206b57158b8]
Event: 8.702 Thread 0x00000206c427c1f0 7173       1       java.util.ComparableTimSort::mergeHi (729 bytes)
Event: 8.704 Thread 0x00000206c427c1f0 nmethod 7173 0x00000206b5715990 code [0x00000206b5715c80, 0x00000206b5717658]
Event: 8.705 Thread 0x00000206c427c1f0 7174       1       sun.nio.fs.WindowsPath::compareTo (118 bytes)
Event: 8.706 Thread 0x00000206c427c1f0 nmethod 7174 0x00000206b5717d90 code [0x00000206b5717fc0, 0x00000206b5718688]

GC Heap History (20 events):
Event: 7.224 GC heap after
{Heap after GC invocations=20 (full 0):
 garbage-first heap   total 147456K, used 77085K [0x0000000703600000, 0x0000000800000000)
  region size 2048K, 3 young (6144K), 3 survivors (6144K)
 Metaspace       used 76808K, committed 77248K, reserved 1122304K
  class space    used 10346K, committed 10560K, reserved 1048576K
}
Event: 7.262 GC heap before
{Heap before GC invocations=20 (full 0):
 garbage-first heap   total 147456K, used 109853K [0x0000000703600000, 0x0000000800000000)
  region size 2048K, 20 young (40960K), 3 survivors (6144K)
 Metaspace       used 76808K, committed 77248K, reserved 1122304K
  class space    used 10346K, committed 10560K, reserved 1048576K
}
Event: 7.268 GC heap after
{Heap after GC invocations=21 (full 0):
 garbage-first heap   total 147456K, used 85017K [0x0000000703600000, 0x0000000800000000)
  region size 2048K, 3 young (6144K), 3 survivors (6144K)
 Metaspace       used 76808K, committed 77248K, reserved 1122304K
  class space    used 10346K, committed 10560K, reserved 1048576K
}
Event: 7.326 GC heap before
{Heap before GC invocations=21 (full 0):
 garbage-first heap   total 172032K, used 111641K [0x0000000703600000, 0x0000000800000000)
  region size 2048K, 16 young (32768K), 3 survivors (6144K)
 Metaspace       used 76810K, committed 77248K, reserved 1122304K
  class space    used 10348K, committed 10560K, reserved 1048576K
}
Event: 7.336 GC heap after
{Heap after GC invocations=22 (full 0):
 garbage-first heap   total 172032K, used 98251K [0x0000000703600000, 0x0000000800000000)
  region size 2048K, 2 young (4096K), 2 survivors (4096K)
 Metaspace       used 76810K, committed 77248K, reserved 1122304K
  class space    used 10348K, committed 10560K, reserved 1048576K
}
Event: 7.444 GC heap before
{Heap before GC invocations=23 (full 0):
 garbage-first heap   total 172032K, used 126923K [0x0000000703600000, 0x0000000800000000)
  region size 2048K, 16 young (32768K), 2 survivors (4096K)
 Metaspace       used 76852K, committed 77248K, reserved 1122304K
  class space    used 10359K, committed 10560K, reserved 1048576K
}
Event: 7.450 GC heap after
{Heap after GC invocations=24 (full 0):
 garbage-first heap   total 172032K, used 106694K [0x0000000703600000, 0x0000000800000000)
  region size 2048K, 2 young (4096K), 2 survivors (4096K)
 Metaspace       used 76852K, committed 77248K, reserved 1122304K
  class space    used 10359K, committed 10560K, reserved 1048576K
}
Event: 7.482 GC heap before
{Heap before GC invocations=24 (full 0):
 garbage-first heap   total 172032K, used 131270K [0x0000000703600000, 0x0000000800000000)
  region size 2048K, 14 young (28672K), 2 survivors (4096K)
 Metaspace       used 76852K, committed 77248K, reserved 1122304K
  class space    used 10359K, committed 10560K, reserved 1048576K
}
Event: 7.487 GC heap after
{Heap after GC invocations=25 (full 0):
 garbage-first heap   total 172032K, used 112576K [0x0000000703600000, 0x0000000800000000)
  region size 2048K, 2 young (4096K), 2 survivors (4096K)
 Metaspace       used 76852K, committed 77248K, reserved 1122304K
  class space    used 10359K, committed 10560K, reserved 1048576K
}
Event: 7.558 GC heap before
{Heap before GC invocations=26 (full 0):
 garbage-first heap   total 215040K, used 131008K [0x0000000703600000, 0x0000000800000000)
  region size 2048K, 12 young (24576K), 2 survivors (4096K)
 Metaspace       used 76852K, committed 77248K, reserved 1122304K
  class space    used 10359K, committed 10560K, reserved 1048576K
}
Event: 7.563 GC heap after
{Heap after GC invocations=27 (full 0):
 garbage-first heap   total 215040K, used 117253K [0x0000000703600000, 0x0000000800000000)
  region size 2048K, 2 young (4096K), 2 survivors (4096K)
 Metaspace       used 76852K, committed 77248K, reserved 1122304K
  class space    used 10359K, committed 10560K, reserved 1048576K
}
Event: 7.571 GC heap before
{Heap before GC invocations=27 (full 0):
 garbage-first heap   total 215040K, used 123397K [0x0000000703600000, 0x0000000800000000)
  region size 2048K, 5 young (10240K), 2 survivors (4096K)
 Metaspace       used 76852K, committed 77248K, reserved 1122304K
  class space    used 10359K, committed 10560K, reserved 1048576K
}
Event: 7.575 GC heap after
{Heap after GC invocations=28 (full 0):
 garbage-first heap   total 456704K, used 97856K [0x0000000703600000, 0x0000000800000000)
  region size 2048K, 1 young (2048K), 1 survivors (2048K)
 Metaspace       used 76852K, committed 77248K, reserved 1122304K
  class space    used 10359K, committed 10560K, reserved 1048576K
}
Event: 7.616 GC heap before
{Heap before GC invocations=28 (full 0):
 garbage-first heap   total 456704K, used 118336K [0x0000000703600000, 0x0000000800000000)
  region size 2048K, 11 young (22528K), 1 survivors (2048K)
 Metaspace       used 76852K, committed 77248K, reserved 1122304K
  class space    used 10359K, committed 10560K, reserved 1048576K
}
Event: 7.622 GC heap after
{Heap after GC invocations=29 (full 0):
 garbage-first heap   total 456704K, used 91341K [0x0000000703600000, 0x0000000800000000)
  region size 2048K, 2 young (4096K), 2 survivors (4096K)
 Metaspace       used 76852K, committed 77248K, reserved 1122304K
  class space    used 10359K, committed 10560K, reserved 1048576K
}
Event: 8.133 GC heap before
{Heap before GC invocations=29 (full 0):
 garbage-first heap   total 456704K, used 281805K [0x0000000703600000, 0x0000000800000000)
  region size 2048K, 96 young (196608K), 2 survivors (4096K)
 Metaspace       used 76853K, committed 77248K, reserved 1122304K
  class space    used 10359K, committed 10560K, reserved 1048576K
}
Event: 8.182 GC heap after
{Heap after GC invocations=30 (full 0):
 garbage-first heap   total 456704K, used 138338K [0x0000000703600000, 0x0000000800000000)
  region size 2048K, 12 young (24576K), 12 survivors (24576K)
 Metaspace       used 76853K, committed 77248K, reserved 1122304K
  class space    used 10359K, committed 10560K, reserved 1048576K
}
Event: 8.453 GC heap before
{Heap before GC invocations=30 (full 0):
 garbage-first heap   total 456704K, used 269410K [0x0000000703600000, 0x0000000800000000)
  region size 2048K, 77 young (157696K), 12 survivors (24576K)
 Metaspace       used 76894K, committed 77312K, reserved 1122304K
  class space    used 10366K, committed 10560K, reserved 1048576K
}
Event: 8.498 GC heap after
{Heap after GC invocations=31 (full 0):
 garbage-first heap   total 456704K, used 174768K [0x0000000703600000, 0x0000000800000000)
  region size 2048K, 10 young (20480K), 10 survivors (20480K)
 Metaspace       used 76894K, committed 77312K, reserved 1122304K
  class space    used 10366K, committed 10560K, reserved 1048576K
}
Event: 8.708 GC heap before
{Heap before GC invocations=31 (full 0):
 garbage-first heap   total 456704K, used 293552K [0x0000000703600000, 0x0000000800000000)
  region size 2048K, 69 young (141312K), 10 survivors (20480K)
 Metaspace       used 76894K, committed 77312K, reserved 1122304K
  class space    used 10366K, committed 10560K, reserved 1048576K
}

Dll operation events (9 events):
Event: 0.007 Loaded shared library C:\Users\Shubham Sindhe\Downloads\sts-4.18.0.RELEASE\plugins\org.eclipse.justj.openjdk.hotspot.jre.full.win32.x86_64_17.0.6.v20230204-1729\jre\bin\java.dll
Event: 0.281 Loaded shared library C:\Users\Shubham Sindhe\Downloads\sts-4.18.0.RELEASE\plugins\org.eclipse.justj.openjdk.hotspot.jre.full.win32.x86_64_17.0.6.v20230204-1729\jre\bin\jimage.dll
Event: 0.294 Loaded shared library C:\Users\Shubham Sindhe\Downloads\sts-4.18.0.RELEASE\plugins\org.eclipse.justj.openjdk.hotspot.jre.full.win32.x86_64_17.0.6.v20230204-1729\jre\bin\net.dll
Event: 0.295 Loaded shared library C:\Users\Shubham Sindhe\Downloads\sts-4.18.0.RELEASE\plugins\org.eclipse.justj.openjdk.hotspot.jre.full.win32.x86_64_17.0.6.v20230204-1729\jre\bin\nio.dll
Event: 0.299 Loaded shared library C:\Users\Shubham Sindhe\Downloads\sts-4.18.0.RELEASE\plugins\org.eclipse.justj.openjdk.hotspot.jre.full.win32.x86_64_17.0.6.v20230204-1729\jre\bin\zip.dll
Event: 0.458 Loaded shared library C:\Users\Shubham Sindhe\Downloads\sts-4.18.0.RELEASE\plugins\org.eclipse.justj.openjdk.hotspot.jre.full.win32.x86_64_17.0.6.v20230204-1729\jre\bin\management.dll
Event: 0.474 Loaded shared library C:\Users\Shubham Sindhe\Downloads\sts-4.18.0.RELEASE\plugins\org.eclipse.justj.openjdk.hotspot.jre.full.win32.x86_64_17.0.6.v20230204-1729\jre\bin\management_ext.dll
Event: 0.754 Loaded shared library C:\Users\Shubham Sindhe\Downloads\sts-4.18.0.RELEASE\plugins\org.eclipse.justj.openjdk.hotspot.jre.full.win32.x86_64_17.0.6.v20230204-1729\jre\bin\verify.dll
Event: 3.203 Loaded shared library C:\Users\Shubham Sindhe\Downloads\sts-4.18.0.RELEASE\plugins\org.eclipse.justj.openjdk.hotspot.jre.full.win32.x86_64_17.0.6.v20230204-1729\jre\bin\sunmscapi.dll

Deoptimization events (12 events):
Event: 0.776 Thread 0x00000206b1280a60 DEOPT PACKING pc=0x00000206b4bdbd65 sp=0x0000006e670fbec0
Event: 0.776 Thread 0x00000206b1280a60 DEOPT UNPACKING pc=0x00000206b4967143 sp=0x0000006e670fb428 mode 3
Event: 1.515 Thread 0x00000206c59cef30 DEOPT PACKING pc=0x00000206b4ebd779 sp=0x0000006e68dfc6e0
Event: 1.515 Thread 0x00000206c59cef30 DEOPT UNPACKING pc=0x00000206b4967143 sp=0x0000006e68dfbbc0 mode 3
Event: 2.426 Thread 0x00000206c59cef30 DEOPT PACKING pc=0x00000206b4ec10d4 sp=0x0000006e68dfcbd0
Event: 2.426 Thread 0x00000206c59cef30 DEOPT UNPACKING pc=0x00000206b4967143 sp=0x0000006e68dfc128 mode 0
Event: 2.459 Thread 0x00000206c59cef30 DEOPT PACKING pc=0x00000206b4ecb862 sp=0x0000006e68df7570
Event: 2.459 Thread 0x00000206c59cef30 DEOPT UNPACKING pc=0x00000206b4967143 sp=0x0000006e68df6a78 mode 3
Event: 6.081 Thread 0x00000206c59cef30 DEOPT PACKING pc=0x00000206b54c2179 sp=0x0000006e68dfacd0
Event: 6.081 Thread 0x00000206c59cef30 DEOPT UNPACKING pc=0x00000206b4967143 sp=0x0000006e68dfa1b0 mode 3
Event: 6.938 Thread 0x00000206c59cef30 DEOPT PACKING pc=0x00000206b5615c93 sp=0x0000006e68dfc4b0
Event: 6.938 Thread 0x00000206c59cef30 DEOPT UNPACKING pc=0x00000206b4967143 sp=0x0000006e68dfb9f8 mode 3

Classes unloaded (1 events):
Event: 7.157 Thread 0x00000206c4058fe0 Unloading class 0x00000008009b8000 'jdk/internal/reflect/GeneratedSerializationConstructorAccessor18'

Classes redefined (0 events):
No events

Internal exceptions (20 events):
Event: 8.382 Thread 0x00000206ca076540 Exception <a 'sun/nio/fs/WindowsException'{0x00000007191ead08}> (0x00000007191ead08) 
thrown [s\src\hotspot\share\prims\jni.cpp, line 516]
Event: 8.382 Thread 0x00000206ca076540 Exception <a 'sun/nio/fs/WindowsException'{0x00000007191eafa0}> (0x00000007191eafa0) 
thrown [s\src\hotspot\share\prims\jni.cpp, line 516]
Event: 8.382 Thread 0x00000206ca076540 Exception <a 'sun/nio/fs/WindowsException'{0x00000007191eb8a0}> (0x00000007191eb8a0) 
thrown [s\src\hotspot\share\prims\jni.cpp, line 516]
Event: 8.382 Thread 0x00000206ca076540 Exception <a 'sun/nio/fs/WindowsException'{0x00000007191ebb70}> (0x00000007191ebb70) 
thrown [s\src\hotspot\share\prims\jni.cpp, line 516]
Event: 8.382 Thread 0x00000206ca076540 Exception <a 'sun/nio/fs/WindowsException'{0x00000007191ec448}> (0x00000007191ec448) 
thrown [s\src\hotspot\share\prims\jni.cpp, line 516]
Event: 8.382 Thread 0x00000206ca076540 Exception <a 'sun/nio/fs/WindowsException'{0x00000007191ec6e8}> (0x00000007191ec6e8) 
thrown [s\src\hotspot\share\prims\jni.cpp, line 516]
Event: 8.382 Thread 0x00000206ca076540 Exception <a 'sun/nio/fs/WindowsException'{0x00000007191ecf98}> (0x00000007191ecf98) 
thrown [s\src\hotspot\share\prims\jni.cpp, line 516]
Event: 8.382 Thread 0x00000206ca076540 Exception <a 'sun/nio/fs/WindowsException'{0x00000007191ed200}> (0x00000007191ed200) 
thrown [s\src\hotspot\share\prims\jni.cpp, line 516]
Event: 8.382 Thread 0x00000206ca076540 Exception <a 'sun/nio/fs/WindowsException'{0x00000007191edab8}> (0x00000007191edab8) 
thrown [s\src\hotspot\share\prims\jni.cpp, line 516]
Event: 8.383 Thread 0x00000206ca076540 Exception <a 'sun/nio/fs/WindowsException'{0x00000007191edd38}> (0x00000007191edd38) 
thrown [s\src\hotspot\share\prims\jni.cpp, line 516]
Event: 8.383 Thread 0x00000206ca076540 Exception <a 'sun/nio/fs/WindowsException'{0x00000007191ee5e8}> (0x00000007191ee5e8) 
thrown [s\src\hotspot\share\prims\jni.cpp, line 516]
Event: 8.383 Thread 0x00000206ca076540 Exception <a 'sun/nio/fs/WindowsException'{0x00000007191ee858}> (0x00000007191ee858) 
thrown [s\src\hotspot\share\prims\jni.cpp, line 516]
Event: 8.383 Thread 0x00000206ca076540 Exception <a 'sun/nio/fs/WindowsException'{0x00000007191ef110}> (0x00000007191ef110) 
thrown [s\src\hotspot\share\prims\jni.cpp, line 516]
Event: 8.383 Thread 0x00000206ca076540 Exception <a 'sun/nio/fs/WindowsException'{0x00000007191ef390}> (0x00000007191ef390) 
thrown [s\src\hotspot\share\prims\jni.cpp, line 516]
Event: 8.383 Thread 0x00000206ca076540 Exception <a 'sun/nio/fs/WindowsException'{0x00000007191efc68}> (0x00000007191efc68) 
thrown [s\src\hotspot\share\prims\jni.cpp, line 516]
Event: 8.383 Thread 0x00000206ca076540 Exception <a 'sun/nio/fs/WindowsException'{0x00000007191eff08}> (0x00000007191eff08) 
thrown [s\src\hotspot\share\prims\jni.cpp, line 516]
Event: 8.383 Thread 0x00000206ca076540 Exception <a 'sun/nio/fs/WindowsException'{0x00000007191f07f0}> (0x00000007191f07f0) 
thrown [s\src\hotspot\share\prims\jni.cpp, line 516]
Event: 8.383 Thread 0x00000206ca076540 Exception <a 'sun/nio/fs/WindowsException'{0x00000007191f0aa8}> (0x00000007191f0aa8) 
thrown [s\src\hotspot\share\prims\jni.cpp, line 516]
Event: 8.383 Thread 0x00000206ca076540 Exception <a 'sun/nio/fs/WindowsException'{0x00000007191f1388}> (0x00000007191f1388) 
thrown [s\src\hotspot\share\prims\jni.cpp, line 516]
Event: 8.383 Thread 0x00000206ca076540 Exception <a 'sun/nio/fs/WindowsException'{0x00000007191f1638}> (0x00000007191f1638) 
thrown [s\src\hotspot\share\prims\jni.cpp, line 516]

VM Operations (20 events):
Event: 7.357 Executing VM operation: HandshakeAllThreads done
Event: 7.443 Executing VM operation: G1CollectForAllocation
Event: 7.452 Executing VM operation: G1CollectForAllocation done
Event: 7.482 Executing VM operation: G1CollectForAllocation
Event: 7.488 Executing VM operation: G1CollectForAllocation done
Event: 7.521 Executing VM operation: G1Concurrent
Event: 7.527 Executing VM operation: G1Concurrent done
Event: 7.545 Executing VM operation: G1Concurrent
Event: 7.545 Executing VM operation: G1Concurrent done
Event: 7.558 Executing VM operation: G1CollectForAllocation
Event: 7.567 Executing VM operation: G1CollectForAllocation done
Event: 7.571 Executing VM operation: G1CollectForAllocation
Event: 7.580 Executing VM operation: G1CollectForAllocation done
Event: 7.616 Executing VM operation: G1CollectForAllocation
Event: 7.622 Executing VM operation: G1CollectForAllocation done
Event: 8.133 Executing VM operation: G1CollectForAllocation
Event: 8.183 Executing VM operation: G1CollectForAllocation done
Event: 8.453 Executing VM operation: G1CollectForAllocation
Event: 8.500 Executing VM operation: G1CollectForAllocation done
Event: 8.708 Executing VM operation: G1CollectForAllocation

Events (20 events):
Event: 8.338 Thread 0x00000206ca076ee0 Thread exited: 0x00000206ca076ee0
Event: 8.338 Thread 0x00000206ca07b240 Thread exited: 0x00000206ca07b240
Event: 8.338 Thread 0x00000206ca078220 Thread exited: 0x00000206ca078220
Event: 8.338 Thread 0x00000206ca07a3d0 Thread exited: 0x00000206ca07a3d0
Event: 8.338 Thread 0x00000206ca0786f0 Thread exited: 0x00000206ca0786f0
Event: 8.338 Thread 0x00000206ca0773b0 Thread exited: 0x00000206ca0773b0
Event: 8.338 Thread 0x00000206ca07ad70 Thread exited: 0x00000206ca07ad70
Event: 8.338 Thread 0x00000206ca079560 Thread exited: 0x00000206ca079560
Event: 8.380 Thread 0x00000206ca07ca50 Thread added: 0x00000206ca07ca50
Event: 8.381 Thread 0x00000206ca0786f0 Thread added: 0x00000206ca0786f0
Event: 8.381 Thread 0x00000206ca078220 Thread added: 0x00000206ca078220
Event: 8.381 Thread 0x00000206ca076070 Thread added: 0x00000206ca076070
Event: 8.381 Thread 0x00000206ca076540 Thread added: 0x00000206ca076540
Event: 8.381 Thread 0x00000206ca079560 Thread added: 0x00000206ca079560
Event: 8.381 Thread 0x00000206ca076ee0 Thread added: 0x00000206ca076ee0
Event: 8.381 Thread 0x00000206ca07a3d0 Thread added: 0x00000206ca07a3d0
Event: 8.381 Thread 0x00000206ca07b240 Thread added: 0x00000206ca07b240
Event: 8.381 Thread 0x00000206ca07a8a0 Thread added: 0x00000206ca07a8a0
Event: 8.381 Thread 0x00000206ca07ad70 Thread added: 0x00000206ca07ad70
Event: 8.381 Thread 0x00000206ca0773b0 Thread added: 0x00000206ca0773b0


Dynamic libraries:
0x00007ff797260000 - 0x00007ff79726e000 	C:\Users\Shubham Sindhe\Downloads\sts-4.18.0.RELEASE\plugins\org.eclipse.justj.openjdk.hotspot.jre.full.win32.x86_64_17.0.6.v20230204-1729\jre\bin\javaw.exe
0x00007ffc97e90000 - 0x00007ffc98088000 	C:\Windows\SYSTEM32\ntdll.dll
0x00007ffc96550000 - 0x00007ffc9660f000 	C:\Windows\System32\KERNEL32.DLL
0x00007ffc95930000 - 0x00007ffc95c26000 	C:\Windows\System32\KERNELBASE.dll
0x00007ffc95da0000 - 0x00007ffc95ea0000 	C:\Windows\System32\ucrtbase.dll
0x00007ffc90f70000 - 0x00007ffc90f87000 	C:\Users\Shubham Sindhe\Downloads\sts-4.18.0.RELEASE\plugins\org.eclipse.justj.openjdk.hotspot.jre.full.win32.x86_64_17.0.6.v20230204-1729\jre\bin\jli.dll
0x00007ffc81b10000 - 0x00007ffc81b29000 	C:\Users\Shubham Sindhe\Downloads\sts-4.18.0.RELEASE\plugins\org.eclipse.justj.openjdk.hotspot.jre.full.win32.x86_64_17.0.6.v20230204-1729\jre\bin\VCRUNTIME140.dll
0x00007ffc96290000 - 0x00007ffc9642d000 	C:\Windows\System32\USER32.dll
0x00007ffc95570000 - 0x00007ffc95592000 	C:\Windows\System32\win32u.dll
0x00007ffc740b0000 - 0x00007ffc7434a000 	C:\Windows\WinSxS\amd64_microsoft.windows.common-controls_6595b64144ccf1df_6.0.19041.1110_none_60b5254171f9507e\COMCTL32.dll
0x00007ffc961c0000 - 0x00007ffc961ec000 	C:\Windows\System32\GDI32.dll
0x00007ffc97db0000 - 0x00007ffc97e4e000 	C:\Windows\System32\msvcrt.dll
0x00007ffc95700000 - 0x00007ffc95815000 	C:\Windows\System32\gdi32full.dll
0x00007ffc95820000 - 0x00007ffc958bd000 	C:\Windows\System32\msvcp_win.dll
0x00007ffc97d80000 - 0x00007ffc97db0000 	C:\Windows\System32\IMM32.DLL
0x00007ffc91030000 - 0x00007ffc9103c000 	C:\Users\Shubham Sindhe\Downloads\sts-4.18.0.RELEASE\plugins\org.eclipse.justj.openjdk.hotspot.jre.full.win32.x86_64_17.0.6.v20230204-1729\jre\bin\vcruntime140_1.dll
0x00007ffc76770000 - 0x00007ffc76801000 	C:\Users\Shubham Sindhe\Downloads\sts-4.18.0.RELEASE\plugins\org.eclipse.justj.openjdk.hotspot.jre.full.win32.x86_64_17.0.6.v20230204-1729\jre\bin\msvcp140.dll
0x00007ffc3c6d0000 - 0x00007ffc3d317000 	C:\Users\Shubham Sindhe\Downloads\sts-4.18.0.RELEASE\plugins\org.eclipse.justj.openjdk.hotspot.jre.full.win32.x86_64_17.0.6.v20230204-1729\jre\bin\server\jvm.dll
0x00007ffc95f00000 - 0x00007ffc95faf000 	C:\Windows\System32\ADVAPI32.dll
0x00007ffc961f0000 - 0x00007ffc9628c000 	C:\Windows\System32\sechost.dll
0x00007ffc95fb0000 - 0x00007ffc960d6000 	C:\Windows\System32\RPCRT4.dll
0x00007ffc92cb0000 - 0x00007ffc92cb9000 	C:\Windows\SYSTEM32\WSOCK32.dll
0x00007ffc7f030000 - 0x00007ffc7f057000 	C:\Windows\SYSTEM32\WINMM.dll
0x00007ffc96ca0000 - 0x00007ffc96d0b000 	C:\Windows\System32\WS2_32.dll
0x00007ffc8fed0000 - 0x00007ffc8feda000 	C:\Windows\SYSTEM32\VERSION.dll
0x00007ffc93400000 - 0x00007ffc93412000 	C:\Windows\SYSTEM32\kernel.appcore.dll
0x00007ffc92d10000 - 0x00007ffc92d1a000 	C:\Users\Shubham Sindhe\Downloads\sts-4.18.0.RELEASE\plugins\org.eclipse.justj.openjdk.hotspot.jre.full.win32.x86_64_17.0.6.v20230204-1729\jre\bin\jimage.dll
0x00007ffc7ee40000 - 0x00007ffc7f024000 	C:\Windows\SYSTEM32\DBGHELP.DLL
0x00007ffc7dc60000 - 0x00007ffc7dc94000 	C:\Windows\SYSTEM32\dbgcore.DLL
0x00007ffc95ce0000 - 0x00007ffc95d62000 	C:\Windows\System32\bcryptPrimitives.dll
0x00007ffc8e320000 - 0x00007ffc8e345000 	C:\Users\Shubham Sindhe\Downloads\sts-4.18.0.RELEASE\plugins\org.eclipse.justj.openjdk.hotspot.jre.full.win32.x86_64_17.0.6.v20230204-1729\jre\bin\java.dll
0x00007ffc903c0000 - 0x00007ffc903d8000 	C:\Users\Shubham Sindhe\Downloads\sts-4.18.0.RELEASE\plugins\org.eclipse.justj.openjdk.hotspot.jre.full.win32.x86_64_17.0.6.v20230204-1729\jre\bin\zip.dll
0x00007ffc96f20000 - 0x00007ffc97664000 	C:\Windows\System32\SHELL32.dll
0x00007ffc93600000 - 0x00007ffc93d94000 	C:\Windows\SYSTEM32\windows.storage.dll
0x00007ffc96810000 - 0x00007ffc96b64000 	C:\Windows\System32\combase.dll
0x00007ffc94e00000 - 0x00007ffc94e2e000 	C:\Windows\SYSTEM32\Wldp.dll
0x00007ffc96690000 - 0x00007ffc9673d000 	C:\Windows\System32\SHCORE.dll
0x00007ffc96d10000 - 0x00007ffc96d65000 	C:\Windows\System32\shlwapi.dll
0x00007ffc954a0000 - 0x00007ffc954c5000 	C:\Windows\SYSTEM32\profapi.dll
0x00007ffc911d0000 - 0x00007ffc911e9000 	C:\Users\Shubham Sindhe\Downloads\sts-4.18.0.RELEASE\plugins\org.eclipse.justj.openjdk.hotspot.jre.full.win32.x86_64_17.0.6.v20230204-1729\jre\bin\net.dll
0x00007ffc8d490000 - 0x00007ffc8d59a000 	C:\Windows\SYSTEM32\WINHTTP.dll
0x00007ffc94be0000 - 0x00007ffc94c4a000 	C:\Windows\system32\mswsock.dll
0x00007ffc8fee0000 - 0x00007ffc8fef5000 	C:\Users\Shubham Sindhe\Downloads\sts-4.18.0.RELEASE\plugins\org.eclipse.justj.openjdk.hotspot.jre.full.win32.x86_64_17.0.6.v20230204-1729\jre\bin\nio.dll
0x00007ffc8e270000 - 0x00007ffc8e279000 	C:\Users\Shubham Sindhe\Downloads\sts-4.18.0.RELEASE\plugins\org.eclipse.justj.openjdk.hotspot.jre.full.win32.x86_64_17.0.6.v20230204-1729\jre\bin\management.dll
0x00007ffc8d7e0000 - 0x00007ffc8d7eb000 	C:\Users\Shubham Sindhe\Downloads\sts-4.18.0.RELEASE\plugins\org.eclipse.justj.openjdk.hotspot.jre.full.win32.x86_64_17.0.6.v20230204-1729\jre\bin\management_ext.dll
0x00007ffc97670000 - 0x00007ffc97678000 	C:\Windows\System32\PSAPI.DLL
0x00007ffc380c0000 - 0x00007ffc380d7000 	C:\Windows\system32\napinsp.dll
0x00007ffc380a0000 - 0x00007ffc380bb000 	C:\Windows\system32\pnrpnsp.dll
0x00007ffc72da0000 - 0x00007ffc72db5000 	C:\Windows\system32\wshbth.dll
0x00007ffc90f20000 - 0x00007ffc90f3d000 	C:\Windows\system32\NLAapi.dll
0x00007ffc948f0000 - 0x00007ffc9492c000 	C:\Windows\SYSTEM32\IPHLPAPI.DLL
0x00007ffc94930000 - 0x00007ffc949fa000 	C:\Windows\SYSTEM32\DNSAPI.dll
0x00007ffc95ef0000 - 0x00007ffc95ef8000 	C:\Windows\System32\NSI.dll
0x00007ffc38080000 - 0x00007ffc38092000 	C:\Windows\System32\winrnr.dll
0x00007ffc85f60000 - 0x00007ffc85f6a000 	C:\Windows\System32\rasadhlp.dll
0x00007ffc86060000 - 0x00007ffc860e2000 	C:\Windows\System32\fwpuclnt.dll
0x00007ffc95d70000 - 0x00007ffc95d97000 	C:\Windows\System32\bcrypt.dll
0x00007ffc94e40000 - 0x00007ffc94e58000 	C:\Windows\SYSTEM32\CRYPTSP.dll
0x00007ffc94520000 - 0x00007ffc94554000 	C:\Windows\system32\rsaenh.dll
0x00007ffc95420000 - 0x00007ffc9544e000 	C:\Windows\SYSTEM32\USERENV.dll
0x00007ffc94d70000 - 0x00007ffc94d7c000 	C:\Windows\SYSTEM32\CRYPTBASE.dll
0x00007ffc8f350000 - 0x00007ffc8f367000 	C:\Windows\SYSTEM32\dhcpcsvc6.DLL
0x00007ffc8f200000 - 0x00007ffc8f21d000 	C:\Windows\SYSTEM32\dhcpcsvc.DLL
0x00007ffc92c60000 - 0x00007ffc92c70000 	C:\Users\Shubham Sindhe\Downloads\sts-4.18.0.RELEASE\plugins\org.eclipse.justj.openjdk.hotspot.jre.full.win32.x86_64_17.0.6.v20230204-1729\jre\bin\verify.dll
0x00007ffc911c0000 - 0x00007ffc911ce000 	C:\Users\Shubham Sindhe\Downloads\sts-4.18.0.RELEASE\plugins\org.eclipse.justj.openjdk.hotspot.jre.full.win32.x86_64_17.0.6.v20230204-1729\jre\bin\sunmscapi.dll
0x00007ffc955a0000 - 0x00007ffc956fe000 	C:\Windows\System32\CRYPT32.dll
0x00007ffc94f50000 - 0x00007ffc94f78000 	C:\Windows\SYSTEM32\ncrypt.dll
0x00007ffc94f10000 - 0x00007ffc94f4b000 	C:\Windows\SYSTEM32\NTASN1.dll

dbghelp: loaded successfully - version: 4.0.5 - missing functions: none
symbol engine: initialized successfully - sym options: 0x614 - pdb path: .;C:\Users\Shubham Sindhe\Downloads\sts-4.18.0.RELEASE\plugins\org.eclipse.justj.openjdk.hotspot.jre.full.win32.x86_64_17.0.6.v20230204-1729\jre\bin;C:\Windows\SYSTEM32;C:\Windows\WinSxS\amd64_microsoft.windows.common-controls_6595b64144ccf1df_6.0.19041.1110_none_60b5254171f9507e;C:\Users\Shubham Sindhe\Downloads\sts-4.18.0.RELEASE\plugins\org.eclipse.justj.openjdk.hotspot.jre.full.win32.x86_64_17.0.6.v20230204-1729\jre\bin\server

VM Arguments:
jvm_args: -Dcom.sun.management.jmxremote -Dcom.sun.management.jmxremote.port=62300 -Dcom.sun.management.jmxremote.authenticate=false -Dcom.sun.management.jmxremote.ssl=false -Djava.rmi.server.hostname=localhost -Dspring.jmx.enabled=true -Dmanagement.endpoints.jmx.exposure.include=* -Dspring.application.admin.enabled=true -XX:TieredStopAtLevel=1 -Dspring.boot.project.name=Redis_cache-redis_cache -Dfile.encoding=UTF-8 -XX:+ShowCodeDetailsInExceptionMessages 
java_command: com.cropdata.SpringBootSampleProjectSetupApplication --spring.output.ansi.enabled=always
java_class_path (initial): D:\REPO1\Redis_cache-redis_cache\target\classes;C:\Users\Shubham Sindhe\.m2\repository\org\springframework\boot\spring-boot-starter-data-jpa\2.7.11\spring-boot-starter-data-jpa-2.7.11.jar;C:\Users\Shubham Sindhe\.m2\repository\org\springframework\boot\spring-boot-starter-aop\2.7.11\spring-boot-starter-aop-2.7.11.jar;C:\Users\Shubham Sindhe\.m2\repository\org\springframework\spring-aop\5.3.27\spring-aop-5.3.27.jar;C:\Users\Shubham Sindhe\.m2\repository\org\aspectj\aspectjweaver\1.9.7\aspectjweaver-1.9.7.jar;C:\Users\Shubham Sindhe\.m2\repository\org\springframework\boot\spring-boot-starter-jdbc\2.7.11\spring-boot-starter-jdbc-2.7.11.jar;C:\Users\Shubham Sindhe\.m2\repository\com\zaxxer\HikariCP\4.0.3\HikariCP-4.0.3.jar;C:\Users\Shubham Sindhe\.m2\repository\org\springframework\spring-jdbc\5.3.27\spring-jdbc-5.3.27.jar;C:\Users\Shubham Sindhe\.m2\repository\jakarta\transaction\jakarta.transaction-api\1.3.3\jakarta.transaction-api-1.3.3.jar;C:\Users\Shubham Sindhe\.m2\repository\jakarta\persistence\jakarta.persistence-api\2.2.3\jakarta.persistence-api-2.2.3.jar;C:\Users\Shubham Sindhe\.m2\repository\org\hibernate\hibernate-core\5.6.15.Final\hibernate-core-5.6.15.Final.jar;C:\Users\Shubham Sindhe\.m2\repository\org\jboss\logging\jboss-logging\3.4.3.Final\jboss-logging-3.4.3.Final.jar;C:\Users\Shubham Sindhe\.m2\repository\net\bytebuddy\byte-buddy\1.12.23\byte-buddy-1.12.23.jar;C:\Users\Shubham Sindhe\.m2\repository\antlr\antlr\2.7.7\antlr-2.7.7.jar;C:\Users\Shubham Sindhe\.m2\repository\org\jboss\jandex\2.4.2.Final\jandex-2.4.2.Final.jar;C:\Users\Shubham Sindhe\.m2\repository\com\fasterxml\classmate\1.5.1\classmate-1.5.1.jar;C:\Users\Shubham Sindhe\.m2\repository\org\hibernate\common\hibernate-commons-annotations\5.1.2.Final\hibernate-commons-annotations-5.1.2.Final.jar;C:\Users\Shubham Sindhe\.m2\repository\org\glassfish\jaxb\jaxb-runtime\2.3.8\jaxb-runtime-2.3.8.jar;C:\Users\Shubham Sindhe\.m2\repository\org\glassfish\jaxb\txw2\2.3.8\txw2-
Launcher Type: SUN_STANDARD

[Global flags]
     intx CICompilerCount                          = 3                                         {product} {ergonomic}
     uint ConcGCThreads                            = 2                                         {product} {ergonomic}
     uint G1ConcRefinementThreads                  = 6                                         {product} {ergonomic}
   size_t G1HeapRegionSize                         = 2097152                                   {product} {ergonomic}
    uintx GCDrainStackTargetSize                   = 64                                        {product} {ergonomic}
   size_t InitialHeapSize                          = 266338304                                 {product} {ergonomic}
     bool ManagementServer                         = true                                      {product} {command line}
   size_t MarkStackSize                            = 4194304                                   {product} {ergonomic}
   size_t MaxHeapSize                              = 4238344192                                {product} {ergonomic}
   size_t MaxNewSize                               = 2541748224                                {product} {ergonomic}
   size_t MinHeapDeltaBytes                        = 2097152                                   {product} {ergonomic}
   size_t MinHeapSize                              = 8388608                                   {product} {ergonomic}
    uintx NonProfiledCodeHeapSize                  = 0                                      {pd product} {ergonomic}
     bool ProfileInterpreter                       = false                                  {pd product} {command line}
    uintx ProfiledCodeHeapSize                     = 0                                      {pd product} {ergonomic}
     bool ShowCodeDetailsInExceptionMessages       = true                                   {manageable} {command line}
   size_t SoftMaxHeapSize                          = 4238344192                             {manageable} {ergonomic}
     intx TieredStopAtLevel                        = 1                                         {product} {command line}
     bool UseCompressedClassPointers               = true                           {product lp64_product} {ergonomic}
     bool UseCompressedOops                        = true                           {product lp64_product} {ergonomic}
     bool UseG1GC                                  = true                                      {product} {ergonomic}
     bool UseLargePagesIndividualAllocation        = false                                  {pd product} {ergonomic}

Logging:
Log output configuration:
 #0: stdout all=warning uptime,level,tags
 #1: stderr all=off uptime,level,tags

Environment Variables:
JAVA_HOME=C:\Program Files\Java\jdk-17
PATH=C:/Users/Shubham Sindhe/Downloads/sts-4.18.0.RELEASE//plugins/org.eclipse.justj.openjdk.hotspot.jre.full.win32.x86_64_17.0.6.v20230204-1729/jre/bin/server;C:/Users/Shubham Sindhe/Downloads/sts-4.18.0.RELEASE//plugins/org.eclipse.justj.openjdk.hotspot.jre.full.win32.x86_64_17.0.6.v20230204-1729/jre/bin;C:\Program Files\Common Files\Oracle\Java\javapath;C:\Program Files\Java\jdk-17\bin;C:\Windows\system32;C:\Windows;C:\Windows\System32\Wbem;C:\Windows\System32\WindowsPowerShell\v1.0\;C:\Windows\System32\OpenSSH\;C:\Program Files\Java\jdk-11.0.17;;C:\Program Files\Docker\Docker\resources\bin;C:\Program Files\Java\jdk-11\bin;C:\Users\Shubham Sindhe\AppData\Local\Microsoft\WindowsApps;C:\Users\Shubham Sindhe\AppData\Local\Programs\Git\cmd;C:\Users\Shubham Sindhe\AppData\Local\GitHubDesktop\bin;C:\Users\Shubham Sindhe\AppData\Local\Programs\Microsoft VS Code\bin;C:\Users\Shubham Sindhe\Downloads;;C:\Users\Shubham Sindhe\Downloads\sts-4.18.0.RELEASE;
USERNAME=Shubham Sindhe
OS=Windows_NT
PROCESSOR_IDENTIFIER=Intel64 Family 6 Model 158 Stepping 10, GenuineIntel
TMP=C:\Users\SHUBHA~1\AppData\Local\Temp
TEMP=C:\Users\SHUBHA~1\AppData\Local\Temp



---------------  S Y S T E M  ---------------

OS:
 Windows 10 , 64 bit Build 19041 (10.0.19041.3155)
OS uptime: 10 days 4:37 hours
Hyper-V role detected

CPU: total 6 (initial active 6) (6 cores per cpu, 1 threads per core) family 6 model 158 stepping 10 microcode 0xf0, cx8, cmov, fxsr, mmx, 3dnowpref, sse, sse2, sse3, ssse3, sse4.1, sse4.2, popcnt, lzcnt, tsc, tscinvbit, avx, avx2, aes, erms, clmul, bmi1, bmi2, rtm, adx, fma, vzeroupper, clflush, clflushopt, hv

Memory: 4k page, system-wide physical 16165M (108M free)
TotalPageFile size 34112M (AvailPageFile size 182M)
current process WorkingSet (physical memory assigned to process): 569M, peak: 569M
current process commit charge ("private bytes"): 682M, peak: 1250M

vm_info: OpenJDK 64-Bit Server VM (17.0.6+10) for windows-amd64 JRE (17.0.6+10), built on Jan 18 2023 10:08:59 by "temurin" with MS VC++ 16.7 (VS2019)

END.
